

Processing ApplicationController#index (for 127.0.0.1 at 2009-12-09 18:41:02) [GET]

ActionController::RoutingError (No route matches "/" with {:method=>:get}):
  

Rendering rescues/layout (not_found)


Processing SessionsController#index (for 127.0.0.1 at 2009-12-09 18:43:46) [GET]

ActionController::UnknownAction (No action responded to index. Actions: ):
  

Rendering rescues/layout (not_found)


Processing SessionsController#index (for 127.0.0.1 at 2009-12-09 18:44:47) [GET]
Rendering template within layouts/application
Rendering sessions/index
Completed in 93ms (View: 86, DB: 0) | 200 OK [http://localhost/]


Processing ApplicationController#index (for 127.0.0.1 at 2009-12-09 18:44:47) [GET]

ActionController::RoutingError (No route matches "/stylesheets/courses.css" with {:method=>:get}):
  

Rendering rescues/layout (not_found)


Processing SessionsController#index (for 127.0.0.1 at 2009-12-09 18:45:20) [GET]
Rendering template within layouts/application
Rendering sessions/index
Completed in 36ms (View: 22, DB: 0) | 200 OK [http://localhost/]


Processing ApplicationController#index (for 127.0.0.1 at 2009-12-09 18:45:21) [GET]

ActionController::RoutingError (No route matches "/stylesheets/nev.css" with {:method=>:get}):
  

Rendering rescues/layout (not_found)


Processing SessionsController#index (for 127.0.0.1 at 2009-12-09 18:50:44) [GET]
Rendering template within layouts/application
Rendering sessions/index
Completed in 341ms (View: 332, DB: 0) | 200 OK [http://localhost/]


Processing SessionsController#index (for 127.0.0.1 at 2009-12-09 18:51:46) [GET]
Rendering template within layouts/application
Rendering sessions/index
Completed in 46ms (View: 37, DB: 0) | 200 OK [http://localhost/]


Processing SessionsController#index (for 127.0.0.1 at 2009-12-09 18:53:47) [GET]
Rendering template within layouts/application
Rendering sessions/index
Completed in 28ms (View: 14, DB: 0) | 200 OK [http://localhost/]


Processing SessionsController#index (for 127.0.0.1 at 2009-12-09 18:55:07) [GET]
Rendering template within layouts/application
Rendering sessions/index
Completed in 137ms (View: 129, DB: 0) | 200 OK [http://localhost/]


Processing SessionsController#create (for 127.0.0.1 at 2009-12-09 18:55:21) [POST]
  Parameters: {"commit"=>"Login", "authenticity_token"=>"9cjI4XMBrQROz9cxe2qXID1Lp/1l1vDX/Axc4G5KfD8=", "user"=>{"psword"=>"test", "username"=>"test"}}

ActionController::UnknownAction (No action responded to create. Actions: index):
  

Rendering rescues/layout (not_found)


Processing SessionsController#index (for 127.0.0.1 at 2009-12-09 18:58:13) [GET]
Rendering template within layouts/application
Rendering sessions/index
Completed in 45ms (View: 37, DB: 0) | 200 OK [http://localhost/]


Processing SessionsController#index (for 127.0.0.1 at 2009-12-09 18:58:39) [GET]
Rendering template within layouts/application
Rendering sessions/index
Completed in 52ms (View: 37, DB: 0) | 200 OK [http://localhost/]


Processing SessionsController#index (for 127.0.0.1 at 2009-12-09 19:08:53) [GET]
Rendering template within layouts/application
Rendering sessions/index
Completed in 54ms (View: 46, DB: 0) | 200 OK [http://localhost/]
  [4;36;1mSQL (1.3ms)[0m   [0;1m SELECT name
 FROM sqlite_master
 WHERE type = 'table' AND NOT name = 'sqlite_sequence'
[0m
  [4;35;1mSQL (0.8ms)[0m   [0mselect sqlite_version(*)[0m
  [4;36;1mSQL (10.8ms)[0m   [0;1mCREATE TABLE "schema_migrations" ("version" varchar(255) NOT NULL) [0m
  [4;35;1mSQL (14.7ms)[0m   [0mCREATE UNIQUE INDEX "unique_schema_migrations" ON "schema_migrations" ("version")[0m
  [4;36;1mSQL (0.8ms)[0m   [0;1m SELECT name
 FROM sqlite_master
 WHERE type = 'table' AND NOT name = 'sqlite_sequence'
[0m
  [4;35;1mSQL (0.6ms)[0m   [0mSELECT version FROM schema_migrations[0m
Migrating to CreateUsers (20091209170501)
  [4;36;1mSQL (1.6ms)[0m   [0;1mCREATE TABLE "users" ("id" INTEGER PRIMARY KEY AUTOINCREMENT NOT NULL, "created_at" datetime, "updated_at" datetime) [0m
  [4;35;1mSQL (0.5ms)[0m   [0mINSERT INTO schema_migrations (version) VALUES ('20091209170501')[0m
  [4;36;1mSQL (6.5ms)[0m   [0;1m SELECT name
 FROM sqlite_master
 WHERE type = 'table' AND NOT name = 'sqlite_sequence'
[0m
  [4;35;1mSQL (1.1ms)[0m   [0mSELECT version FROM schema_migrations[0m
  [4;36;1mSQL (0.9ms)[0m   [0;1m SELECT name
 FROM sqlite_master
 WHERE type = 'table' AND NOT name = 'sqlite_sequence'
[0m
  [4;35;1mSQL (0.3ms)[0m   [0mPRAGMA index_list("users")[0m


Processing SessionsController#index (for 127.0.0.1 at 2009-12-09 19:09:36) [GET]
Rendering template within layouts/application
Rendering sessions/index
Completed in 53ms (View: 44, DB: 0) | 200 OK [http://localhost/]


Processing SessionsController#index (for 127.0.0.1 at 2009-12-09 19:10:18) [GET]
Rendering template within layouts/application
Rendering sessions/index
Completed in 49ms (View: 37, DB: 0) | 200 OK [http://localhost/]


Processing SessionsController#index (for 127.0.0.1 at 2009-12-09 19:10:35) [GET]
Rendering template within layouts/application
Rendering sessions/index
Completed in 39ms (View: 22, DB: 0) | 200 OK [http://localhost/]


Processing SessionsController#index (for 127.0.0.1 at 2009-12-09 19:10:54) [GET]
Rendering template within layouts/application
Rendering sessions/index
Completed in 52ms (View: 38, DB: 0) | 200 OK [http://localhost/]


Processing SessionsController#index (for 127.0.0.1 at 2009-12-09 19:11:10) [GET]
Rendering template within layouts/application
Rendering sessions/index
Completed in 29ms (View: 21, DB: 0) | 200 OK [http://localhost/]


Processing SessionsController#index (for 127.0.0.1 at 2009-12-09 19:11:27) [GET]
Rendering template within layouts/application
Rendering sessions/index
Completed in 33ms (View: 21, DB: 0) | 200 OK [http://localhost/]


Processing SessionsController#index (for 127.0.0.1 at 2009-12-09 19:11:47) [GET]
Rendering template within layouts/application
Rendering sessions/index
Completed in 29ms (View: 21, DB: 0) | 200 OK [http://localhost/]


Processing SessionsController#index (for 127.0.0.1 at 2009-12-09 19:12:30) [GET]
Rendering template within layouts/application
Rendering sessions/index
Completed in 98ms (View: 40, DB: 0) | 200 OK [http://localhost/]


Processing SessionsController#index (for 127.0.0.1 at 2009-12-09 19:12:50) [GET]
Rendering template within layouts/application
Rendering sessions/index
Completed in 58ms (View: 28, DB: 0) | 200 OK [http://localhost/]


Processing SessionsController#index (for 127.0.0.1 at 2009-12-09 19:13:38) [GET]
Rendering template within layouts/application
Rendering sessions/index
Completed in 47ms (View: 39, DB: 0) | 200 OK [http://localhost/]


Processing SessionsController#index (for 127.0.0.1 at 2009-12-09 19:13:59) [GET]
Rendering template within layouts/application
Rendering sessions/index
Completed in 55ms (View: 46, DB: 0) | 200 OK [http://localhost/]


Processing SessionsController#index (for 127.0.0.1 at 2009-12-09 19:14:06) [GET]
Rendering template within layouts/application
Rendering sessions/index
Completed in 35ms (View: 21, DB: 0) | 200 OK [http://localhost/]


Processing SessionsController#index (for 127.0.0.1 at 2009-12-09 19:14:38) [GET]
Rendering template within layouts/application
Rendering sessions/index
Completed in 30ms (View: 20, DB: 0) | 200 OK [http://localhost/]


Processing SessionsController#index (for 127.0.0.1 at 2009-12-09 19:14:57) [GET]
Rendering template within layouts/application
Rendering sessions/index
Completed in 106ms (View: 68, DB: 0) | 200 OK [http://localhost/]


Processing SessionsController#index (for 127.0.0.1 at 2009-12-09 19:15:14) [GET]
Rendering template within layouts/application
Rendering sessions/index
Completed in 32ms (View: 20, DB: 0) | 200 OK [http://localhost/]


Processing SessionsController#index (for 127.0.0.1 at 2009-12-09 19:16:26) [GET]
Rendering template within layouts/application
Rendering sessions/index
Completed in 80ms (View: 72, DB: 0) | 200 OK [http://localhost/]


Processing SessionsController#index (for 127.0.0.1 at 2009-12-09 19:19:04) [GET]
Rendering template within layouts/application
Rendering sessions/index
Completed in 49ms (View: 40, DB: 0) | 200 OK [http://localhost/]


Processing SessionsController#index (for 127.0.0.1 at 2009-12-09 19:19:52) [GET]
Rendering template within layouts/application
Rendering sessions/index
Completed in 49ms (View: 40, DB: 0) | 200 OK [http://localhost/]


Processing SessionsController#index (for 127.0.0.1 at 2009-12-09 19:20:01) [GET]
Rendering template within layouts/application
Rendering sessions/index
Completed in 61ms (View: 47, DB: 0) | 200 OK [http://localhost/]


Processing SessionsController#index (for 127.0.0.1 at 2009-12-09 19:20:15) [GET]
Rendering template within layouts/application
Rendering sessions/index
Completed in 50ms (View: 41, DB: 0) | 200 OK [http://localhost/]


Processing SessionsController#index (for 127.0.0.1 at 2009-12-09 19:20:43) [GET]
Rendering template within layouts/application
Rendering sessions/index
Completed in 54ms (View: 39, DB: 0) | 200 OK [http://localhost/]


Processing SessionsController#index (for 127.0.0.1 at 2009-12-09 19:20:53) [GET]
Rendering template within layouts/application
Rendering sessions/index
Completed in 31ms (View: 23, DB: 0) | 200 OK [http://localhost/]


Processing SessionsController#index (for 127.0.0.1 at 2009-12-09 19:22:17) [GET]
Rendering template within layouts/application
Rendering sessions/index
Completed in 54ms (View: 40, DB: 0) | 200 OK [http://localhost/]


Processing SessionsController#index (for 127.0.0.1 at 2009-12-09 19:22:48) [GET]
Rendering template within layouts/application
Rendering sessions/index
Completed in 60ms (View: 40, DB: 0) | 200 OK [http://localhost/]


Processing SessionsController#index (for 127.0.0.1 at 2009-12-09 19:23:00) [GET]
Rendering template within layouts/application
Rendering sessions/index
Completed in 30ms (View: 21, DB: 0) | 200 OK [http://localhost/]


Processing SessionsController#index (for 127.0.0.1 at 2009-12-09 19:23:39) [GET]
Rendering template within layouts/application
Rendering sessions/index
Completed in 49ms (View: 40, DB: 0) | 200 OK [http://localhost/]


Processing SessionsController#index (for 127.0.0.1 at 2009-12-09 19:23:47) [GET]
Rendering template within layouts/application
Rendering sessions/index
Completed in 49ms (View: 40, DB: 0) | 200 OK [http://localhost/]


Processing SessionsController#index (for 127.0.0.1 at 2009-12-11 19:20:17) [GET]
Rendering template within layouts/application
Rendering sessions/index
Completed in 217ms (View: 208, DB: 0) | 200 OK [http://localhost/]


Processing SessionsController#index (for 127.0.0.1 at 2009-12-11 19:22:07) [GET]
Rendering template within layouts/application
Rendering sessions/index
Completed in 84ms (View: 65, DB: 0) | 200 OK [http://localhost/]


Processing SessionsController#index (for 127.0.0.1 at 2009-12-11 19:22:53) [GET]
Rendering template within layouts/application
Rendering sessions/index
Completed in 101ms (View: 84, DB: 0) | 200 OK [http://localhost/]


Processing SessionsController#index (for 127.0.0.1 at 2009-12-11 19:23:52) [GET]
Rendering template within layouts/application
Rendering sessions/index
Completed in 100ms (View: 66, DB: 0) | 200 OK [http://localhost/]


Processing SessionsController#index (for 127.0.0.1 at 2009-12-11 19:27:22) [GET]
Rendering template within layouts/application
Rendering sessions/index
Completed in 301ms (View: 283, DB: 0) | 200 OK [http://localhost/]


Processing SessionsController#index (for 127.0.0.1 at 2009-12-11 19:27:34) [GET]
Rendering template within layouts/application
Rendering sessions/index
Completed in 76ms (View: 57, DB: 0) | 200 OK [http://localhost/]


Processing SessionsController#index (for 127.0.0.1 at 2009-12-11 19:27:53) [GET]
Rendering template within layouts/application
Rendering sessions/index
Completed in 113ms (View: 60, DB: 0) | 200 OK [http://localhost/]


Processing SessionsController#index (for 127.0.0.1 at 2009-12-11 19:28:20) [GET]
Rendering template within layouts/application
Rendering sessions/index
Completed in 69ms (View: 28, DB: 0) | 200 OK [http://localhost/]


Processing SessionsController#index (for 127.0.0.1 at 2009-12-11 19:28:22) [GET]
Rendering template within layouts/application
Rendering sessions/index
Completed in 38ms (View: 29, DB: 0) | 200 OK [http://localhost/]


Processing SessionsController#index (for 127.0.0.1 at 2009-12-11 19:28:23) [GET]
Rendering template within layouts/application
Rendering sessions/index
Completed in 42ms (View: 25, DB: 0) | 200 OK [http://localhost/]


Processing SessionsController#index (for 127.0.0.1 at 2009-12-11 19:28:33) [GET]
Rendering template within layouts/application
Rendering sessions/index
Completed in 63ms (View: 42, DB: 0) | 200 OK [http://localhost/]


Processing SessionsController#index (for 127.0.0.1 at 2009-12-11 19:28:38) [GET]
Rendering template within layouts/application
Rendering sessions/index
Completed in 82ms (View: 60, DB: 0) | 200 OK [http://localhost/]


Processing UsersController#create (for 127.0.0.1 at 2009-12-11 19:36:00) [POST]
  Parameters: {"commit"=>"Login", "authenticity_token"=>"9cjI4XMBrQROz9cxe2qXID1Lp/1l1vDX/Axc4G5KfD8=", "user"=>{"psword"=>"test", "username"=>"test"}}

ActionController::UnknownAction (No action responded to create. Actions: index and new):
  

Rendering rescues/layout (not_found)


Processing SessionsController#index (for 127.0.0.1 at 2009-12-11 19:36:42) [GET]
Rendering template within layouts/application
Rendering sessions/index
Completed in 60ms (View: 45, DB: 0) | 200 OK [http://localhost/]


Processing SessionsController#index (for 127.0.0.1 at 2009-12-11 19:36:46) [GET]
Rendering template within layouts/application
Rendering sessions/index
Completed in 38ms (View: 24, DB: 0) | 200 OK [http://localhost/]


Processing SessionsController#index (for 127.0.0.1 at 2009-12-11 19:55:32) [GET]
Redirected to http://localhost:3000/
Filter chain halted as [:login_required] rendered_or_redirected.
Completed in 27ms (DB: 0) | 302 Found [http://localhost/]


Processing SessionsController#index (for 127.0.0.1 at 2009-12-11 19:55:32) [GET]
Redirected to http://localhost:3000/
Filter chain halted as [:login_required] rendered_or_redirected.
Completed in 15ms (DB: 0) | 302 Found [http://localhost/]


Processing SessionsController#index (for 127.0.0.1 at 2009-12-11 19:55:33) [GET]
Redirected to http://localhost:3000/
Filter chain halted as [:login_required] rendered_or_redirected.
Completed in 7ms (DB: 0) | 302 Found [http://localhost/]


Processing SessionsController#index (for 127.0.0.1 at 2009-12-11 19:55:33) [GET]
Redirected to http://localhost:3000/
Filter chain halted as [:login_required] rendered_or_redirected.
Completed in 3ms (DB: 0) | 302 Found [http://localhost/]


Processing SessionsController#index (for 127.0.0.1 at 2009-12-11 19:55:33) [GET]
Redirected to http://localhost:3000/
Filter chain halted as [:login_required] rendered_or_redirected.
Completed in 22ms (DB: 0) | 302 Found [http://localhost/]


Processing SessionsController#index (for 127.0.0.1 at 2009-12-11 19:55:34) [GET]
Redirected to http://localhost:3000/
Filter chain halted as [:login_required] rendered_or_redirected.
Completed in 3ms (DB: 0) | 302 Found [http://localhost/]


Processing SessionsController#index (for 127.0.0.1 at 2009-12-11 19:55:34) [GET]
Redirected to http://localhost:3000/
Filter chain halted as [:login_required] rendered_or_redirected.
Completed in 3ms (DB: 0) | 302 Found [http://localhost/]


Processing SessionsController#index (for 127.0.0.1 at 2009-12-11 19:55:35) [GET]
Redirected to http://localhost:3000/
Filter chain halted as [:login_required] rendered_or_redirected.
Completed in 3ms (DB: 0) | 302 Found [http://localhost/]


Processing SessionsController#index (for 127.0.0.1 at 2009-12-11 19:55:35) [GET]
Redirected to http://localhost:3000/
Filter chain halted as [:login_required] rendered_or_redirected.
Completed in 3ms (DB: 0) | 302 Found [http://localhost/]


Processing SessionsController#index (for 127.0.0.1 at 2009-12-11 19:55:36) [GET]
Redirected to http://localhost:3000/
Filter chain halted as [:login_required] rendered_or_redirected.
Completed in 3ms (DB: 0) | 302 Found [http://localhost/]


Processing SessionsController#index (for 127.0.0.1 at 2009-12-11 19:55:36) [GET]
Redirected to http://localhost:3000/
Filter chain halted as [:login_required] rendered_or_redirected.
Completed in 3ms (DB: 0) | 302 Found [http://localhost/]


Processing SessionsController#index (for 127.0.0.1 at 2009-12-11 19:55:37) [GET]
Redirected to http://localhost:3000/
Filter chain halted as [:login_required] rendered_or_redirected.
Completed in 26ms (DB: 0) | 302 Found [http://localhost/]


Processing SessionsController#index (for 127.0.0.1 at 2009-12-11 19:55:37) [GET]
Redirected to http://localhost:3000/
Filter chain halted as [:login_required] rendered_or_redirected.
Completed in 23ms (DB: 0) | 302 Found [http://localhost/]


Processing SessionsController#index (for 127.0.0.1 at 2009-12-11 19:55:38) [GET]
Redirected to http://localhost:3000/
Filter chain halted as [:login_required] rendered_or_redirected.
Completed in 27ms (DB: 0) | 302 Found [http://localhost/]


Processing SessionsController#index (for 127.0.0.1 at 2009-12-11 19:55:38) [GET]
Redirected to http://localhost:3000/
Filter chain halted as [:login_required] rendered_or_redirected.
Completed in 3ms (DB: 0) | 302 Found [http://localhost/]


Processing SessionsController#index (for 127.0.0.1 at 2009-12-11 19:55:38) [GET]
Redirected to http://localhost:3000/
Filter chain halted as [:login_required] rendered_or_redirected.
Completed in 3ms (DB: 0) | 302 Found [http://localhost/]


Processing SessionsController#index (for 127.0.0.1 at 2009-12-11 19:55:39) [GET]
Redirected to http://localhost:3000/
Filter chain halted as [:login_required] rendered_or_redirected.
Completed in 18ms (DB: 0) | 302 Found [http://localhost/]


Processing SessionsController#index (for 127.0.0.1 at 2009-12-11 19:55:39) [GET]
Redirected to http://localhost:3000/
Filter chain halted as [:login_required] rendered_or_redirected.
Completed in 3ms (DB: 0) | 302 Found [http://localhost/]


Processing SessionsController#index (for 127.0.0.1 at 2009-12-11 19:55:39) [GET]
Redirected to http://localhost:3000/
Filter chain halted as [:login_required] rendered_or_redirected.
Completed in 3ms (DB: 0) | 302 Found [http://localhost/]


Processing SessionsController#index (for 127.0.0.1 at 2009-12-11 19:55:39) [GET]
Redirected to http://localhost:3000/
Filter chain halted as [:login_required] rendered_or_redirected.
Completed in 3ms (DB: 0) | 302 Found [http://localhost/]


Processing SessionsController#index (for 127.0.0.1 at 2009-12-11 19:55:40) [GET]
Redirected to http://localhost:3000/
Filter chain halted as [:login_required] rendered_or_redirected.
Completed in 14ms (DB: 0) | 302 Found [http://localhost/]


Processing ApplicationController#index (for 127.0.0.1 at 2009-12-11 19:58:31) [GET]

SyntaxError (/home/chawi/Projects/nev/app/controllers/sessions_controller.rb:3: odd number list for Hash):
  

Rendered rescues/_trace (462.8ms)
Rendered rescues/_request_and_response (5.0ms)
Rendering rescues/layout (internal_server_error)


Processing SessionsController#index (for 127.0.0.1 at 2009-12-11 19:58:57) [GET]
Rendering template within layouts/application
Rendering sessions/index
Completed in 67ms (View: 34, DB: 0) | 200 OK [http://localhost/]


Processing SessionsController#index (for 127.0.0.1 at 2009-12-11 19:59:11) [GET]
Rendering template within layouts/application
Rendering sessions/index
Completed in 52ms (View: 27, DB: 0) | 200 OK [http://localhost/]


Processing SessionsController#index (for 127.0.0.1 at 2009-12-11 19:59:58) [GET]
Redirected to http://localhost:3000/
Filter chain halted as [:login_required] rendered_or_redirected.
Completed in 3ms (DB: 0) | 302 Found [http://localhost/]


Processing SessionsController#index (for 127.0.0.1 at 2009-12-11 19:59:59) [GET]
Redirected to http://localhost:3000/
Filter chain halted as [:login_required] rendered_or_redirected.
Completed in 16ms (DB: 0) | 302 Found [http://localhost/]


Processing SessionsController#index (for 127.0.0.1 at 2009-12-11 19:59:59) [GET]
Redirected to http://localhost:3000/
Filter chain halted as [:login_required] rendered_or_redirected.
Completed in 3ms (DB: 0) | 302 Found [http://localhost/]


Processing SessionsController#index (for 127.0.0.1 at 2009-12-11 19:59:59) [GET]
Redirected to http://localhost:3000/
Filter chain halted as [:login_required] rendered_or_redirected.
Completed in 11ms (DB: 0) | 302 Found [http://localhost/]


Processing SessionsController#index (for 127.0.0.1 at 2009-12-11 20:00:00) [GET]
Redirected to http://localhost:3000/
Filter chain halted as [:login_required] rendered_or_redirected.
Completed in 3ms (DB: 0) | 302 Found [http://localhost/]


Processing SessionsController#index (for 127.0.0.1 at 2009-12-11 20:00:00) [GET]
Redirected to http://localhost:3000/
Filter chain halted as [:login_required] rendered_or_redirected.
Completed in 3ms (DB: 0) | 302 Found [http://localhost/]


Processing SessionsController#index (for 127.0.0.1 at 2009-12-11 20:00:01) [GET]
Redirected to http://localhost:3000/
Filter chain halted as [:login_required] rendered_or_redirected.
Completed in 15ms (DB: 0) | 302 Found [http://localhost/]


Processing SessionsController#index (for 127.0.0.1 at 2009-12-11 20:00:01) [GET]
Redirected to http://localhost:3000/
Filter chain halted as [:login_required] rendered_or_redirected.
Completed in 3ms (DB: 0) | 302 Found [http://localhost/]


Processing SessionsController#index (for 127.0.0.1 at 2009-12-11 20:00:01) [GET]
Redirected to http://localhost:3000/
Filter chain halted as [:login_required] rendered_or_redirected.
Completed in 14ms (DB: 0) | 302 Found [http://localhost/]


Processing SessionsController#index (for 127.0.0.1 at 2009-12-11 20:00:02) [GET]
Redirected to http://localhost:3000/
Filter chain halted as [:login_required] rendered_or_redirected.
Completed in 24ms (DB: 0) | 302 Found [http://localhost/]


Processing SessionsController#index (for 127.0.0.1 at 2009-12-11 20:00:02) [GET]
Redirected to http://localhost:3000/
Filter chain halted as [:login_required] rendered_or_redirected.
Completed in 3ms (DB: 0) | 302 Found [http://localhost/]


Processing SessionsController#index (for 127.0.0.1 at 2009-12-11 20:00:02) [GET]
Redirected to http://localhost:3000/
Filter chain halted as [:login_required] rendered_or_redirected.
Completed in 3ms (DB: 0) | 302 Found [http://localhost/]


Processing SessionsController#index (for 127.0.0.1 at 2009-12-11 20:00:03) [GET]
Redirected to http://localhost:3000/
Filter chain halted as [:login_required] rendered_or_redirected.
Completed in 16ms (DB: 0) | 302 Found [http://localhost/]


Processing SessionsController#index (for 127.0.0.1 at 2009-12-11 20:00:03) [GET]
Redirected to http://localhost:3000/
Filter chain halted as [:login_required] rendered_or_redirected.
Completed in 19ms (DB: 0) | 302 Found [http://localhost/]


Processing SessionsController#index (for 127.0.0.1 at 2009-12-11 20:00:03) [GET]
Redirected to http://localhost:3000/
Filter chain halted as [:login_required] rendered_or_redirected.
Completed in 18ms (DB: 0) | 302 Found [http://localhost/]


Processing SessionsController#index (for 127.0.0.1 at 2009-12-11 20:00:03) [GET]
Redirected to http://localhost:3000/
Filter chain halted as [:login_required] rendered_or_redirected.
Completed in 3ms (DB: 0) | 302 Found [http://localhost/]


Processing SessionsController#index (for 127.0.0.1 at 2009-12-11 20:00:04) [GET]
Redirected to http://localhost:3000/
Filter chain halted as [:login_required] rendered_or_redirected.
Completed in 18ms (DB: 0) | 302 Found [http://localhost/]


Processing SessionsController#index (for 127.0.0.1 at 2009-12-11 20:00:04) [GET]
Redirected to http://localhost:3000/
Filter chain halted as [:login_required] rendered_or_redirected.
Completed in 3ms (DB: 0) | 302 Found [http://localhost/]


Processing SessionsController#index (for 127.0.0.1 at 2009-12-11 20:00:05) [GET]
Redirected to http://localhost:3000/
Filter chain halted as [:login_required] rendered_or_redirected.
Completed in 3ms (DB: 0) | 302 Found [http://localhost/]


Processing SessionsController#index (for 127.0.0.1 at 2009-12-11 20:00:05) [GET]
Redirected to http://localhost:3000/
Filter chain halted as [:login_required] rendered_or_redirected.
Completed in 3ms (DB: 0) | 302 Found [http://localhost/]


Processing SessionsController#index (for 127.0.0.1 at 2009-12-11 20:00:05) [GET]
Redirected to http://localhost:3000/
Filter chain halted as [:login_required] rendered_or_redirected.
Completed in 3ms (DB: 0) | 302 Found [http://localhost/]


Processing SessionsController#index (for 127.0.0.1 at 2009-12-11 20:05:22) [GET]
Redirected to http://localhost:3000/
Filter chain halted as [:login_required] rendered_or_redirected.
Completed in 3ms (DB: 0) | 302 Found [http://localhost/]


Processing SessionsController#index (for 127.0.0.1 at 2009-12-11 20:05:22) [GET]
Redirected to http://localhost:3000/
Filter chain halted as [:login_required] rendered_or_redirected.
Completed in 3ms (DB: 0) | 302 Found [http://localhost/]


Processing SessionsController#index (for 127.0.0.1 at 2009-12-11 20:05:23) [GET]
Redirected to http://localhost:3000/
Filter chain halted as [:login_required] rendered_or_redirected.
Completed in 21ms (DB: 0) | 302 Found [http://localhost/]


Processing SessionsController#index (for 127.0.0.1 at 2009-12-11 20:05:23) [GET]
Redirected to http://localhost:3000/
Filter chain halted as [:login_required] rendered_or_redirected.
Completed in 3ms (DB: 0) | 302 Found [http://localhost/]


Processing SessionsController#index (for 127.0.0.1 at 2009-12-11 20:05:23) [GET]
Redirected to http://localhost:3000/
Filter chain halted as [:login_required] rendered_or_redirected.
Completed in 3ms (DB: 0) | 302 Found [http://localhost/]


Processing SessionsController#index (for 127.0.0.1 at 2009-12-11 20:05:24) [GET]
Redirected to http://localhost:3000/
Filter chain halted as [:login_required] rendered_or_redirected.
Completed in 12ms (DB: 0) | 302 Found [http://localhost/]


Processing SessionsController#index (for 127.0.0.1 at 2009-12-11 20:05:24) [GET]
Redirected to http://localhost:3000/
Filter chain halted as [:login_required] rendered_or_redirected.
Completed in 3ms (DB: 0) | 302 Found [http://localhost/]


Processing SessionsController#index (for 127.0.0.1 at 2009-12-11 20:05:24) [GET]
Redirected to http://localhost:3000/
Filter chain halted as [:login_required] rendered_or_redirected.
Completed in 3ms (DB: 0) | 302 Found [http://localhost/]


Processing SessionsController#index (for 127.0.0.1 at 2009-12-11 20:05:25) [GET]
Redirected to http://localhost:3000/
Filter chain halted as [:login_required] rendered_or_redirected.
Completed in 3ms (DB: 0) | 302 Found [http://localhost/]


Processing SessionsController#index (for 127.0.0.1 at 2009-12-11 20:05:26) [GET]
Redirected to http://localhost:3000/
Filter chain halted as [:login_required] rendered_or_redirected.
Completed in 33ms (DB: 0) | 302 Found [http://localhost/]


Processing SessionsController#index (for 127.0.0.1 at 2009-12-11 20:05:26) [GET]
Redirected to http://localhost:3000/
Filter chain halted as [:login_required] rendered_or_redirected.
Completed in 3ms (DB: 0) | 302 Found [http://localhost/]


Processing SessionsController#index (for 127.0.0.1 at 2009-12-11 20:05:26) [GET]
Redirected to http://localhost:3000/
Filter chain halted as [:login_required] rendered_or_redirected.
Completed in 27ms (DB: 0) | 302 Found [http://localhost/]


Processing SessionsController#index (for 127.0.0.1 at 2009-12-11 20:05:27) [GET]
Redirected to http://localhost:3000/
Filter chain halted as [:login_required] rendered_or_redirected.
Completed in 3ms (DB: 0) | 302 Found [http://localhost/]


Processing SessionsController#index (for 127.0.0.1 at 2009-12-11 20:05:27) [GET]
Redirected to http://localhost:3000/
Filter chain halted as [:login_required] rendered_or_redirected.
Completed in 25ms (DB: 0) | 302 Found [http://localhost/]


Processing SessionsController#index (for 127.0.0.1 at 2009-12-11 20:05:27) [GET]
Redirected to http://localhost:3000/
Filter chain halted as [:login_required] rendered_or_redirected.
Completed in 26ms (DB: 0) | 302 Found [http://localhost/]


Processing SessionsController#index (for 127.0.0.1 at 2009-12-11 20:05:28) [GET]
Redirected to http://localhost:3000/
Filter chain halted as [:login_required] rendered_or_redirected.
Completed in 3ms (DB: 0) | 302 Found [http://localhost/]


Processing SessionsController#index (for 127.0.0.1 at 2009-12-11 20:05:28) [GET]
Redirected to http://localhost:3000/
Filter chain halted as [:login_required] rendered_or_redirected.
Completed in 26ms (DB: 0) | 302 Found [http://localhost/]


Processing SessionsController#index (for 127.0.0.1 at 2009-12-11 20:05:28) [GET]
Redirected to http://localhost:3000/
Filter chain halted as [:login_required] rendered_or_redirected.
Completed in 3ms (DB: 0) | 302 Found [http://localhost/]


Processing SessionsController#index (for 127.0.0.1 at 2009-12-11 20:05:29) [GET]
Redirected to http://localhost:3000/
Filter chain halted as [:login_required] rendered_or_redirected.
Completed in 3ms (DB: 0) | 302 Found [http://localhost/]


Processing SessionsController#index (for 127.0.0.1 at 2009-12-11 20:05:30) [GET]
Redirected to http://localhost:3000/
Filter chain halted as [:login_required] rendered_or_redirected.
Completed in 3ms (DB: 0) | 302 Found [http://localhost/]


Processing SessionsController#index (for 127.0.0.1 at 2009-12-11 20:05:30) [GET]
Redirected to http://localhost:3000/
Filter chain halted as [:login_required] rendered_or_redirected.
Completed in 13ms (DB: 0) | 302 Found [http://localhost/]


Processing SessionsController#index (for 127.0.0.1 at 2009-12-11 21:59:15) [GET]
Redirected to http://localhost:3000/
Filter chain halted as [:login_required] rendered_or_redirected.
Completed in 3ms (DB: 0) | 302 Found [http://localhost/]


Processing SessionsController#index (for 127.0.0.1 at 2009-12-11 21:59:15) [GET]
Redirected to http://localhost:3000/
Filter chain halted as [:login_required] rendered_or_redirected.
Completed in 3ms (DB: 0) | 302 Found [http://localhost/]


Processing SessionsController#index (for 127.0.0.1 at 2009-12-11 21:59:15) [GET]
Redirected to http://localhost:3000/
Filter chain halted as [:login_required] rendered_or_redirected.
Completed in 3ms (DB: 0) | 302 Found [http://localhost/]


Processing SessionsController#index (for 127.0.0.1 at 2009-12-11 21:59:15) [GET]
Redirected to http://localhost:3000/
Filter chain halted as [:login_required] rendered_or_redirected.
Completed in 7ms (DB: 0) | 302 Found [http://localhost/]


Processing SessionsController#index (for 127.0.0.1 at 2009-12-11 21:59:15) [GET]
Redirected to http://localhost:3000/
Filter chain halted as [:login_required] rendered_or_redirected.
Completed in 3ms (DB: 0) | 302 Found [http://localhost/]


Processing SessionsController#index (for 127.0.0.1 at 2009-12-11 21:59:16) [GET]
Redirected to http://localhost:3000/
Filter chain halted as [:login_required] rendered_or_redirected.
Completed in 3ms (DB: 0) | 302 Found [http://localhost/]


Processing SessionsController#index (for 127.0.0.1 at 2009-12-11 21:59:16) [GET]
Redirected to http://localhost:3000/
Filter chain halted as [:login_required] rendered_or_redirected.
Completed in 5ms (DB: 0) | 302 Found [http://localhost/]


Processing SessionsController#index (for 127.0.0.1 at 2009-12-11 21:59:16) [GET]
Redirected to http://localhost:3000/
Filter chain halted as [:login_required] rendered_or_redirected.
Completed in 3ms (DB: 0) | 302 Found [http://localhost/]


Processing SessionsController#index (for 127.0.0.1 at 2009-12-11 21:59:16) [GET]
Redirected to http://localhost:3000/
Filter chain halted as [:login_required] rendered_or_redirected.
Completed in 11ms (DB: 0) | 302 Found [http://localhost/]


Processing SessionsController#index (for 127.0.0.1 at 2009-12-11 21:59:17) [GET]
Redirected to http://localhost:3000/
Filter chain halted as [:login_required] rendered_or_redirected.
Completed in 3ms (DB: 0) | 302 Found [http://localhost/]


Processing SessionsController#index (for 127.0.0.1 at 2009-12-11 21:59:17) [GET]
Redirected to http://localhost:3000/
Filter chain halted as [:login_required] rendered_or_redirected.
Completed in 3ms (DB: 0) | 302 Found [http://localhost/]


Processing SessionsController#index (for 127.0.0.1 at 2009-12-11 21:59:17) [GET]
Redirected to http://localhost:3000/
Filter chain halted as [:login_required] rendered_or_redirected.
Completed in 3ms (DB: 0) | 302 Found [http://localhost/]


Processing SessionsController#index (for 127.0.0.1 at 2009-12-11 21:59:17) [GET]
Redirected to http://localhost:3000/
Filter chain halted as [:login_required] rendered_or_redirected.
Completed in 3ms (DB: 0) | 302 Found [http://localhost/]


Processing SessionsController#index (for 127.0.0.1 at 2009-12-11 21:59:17) [GET]
Redirected to http://localhost:3000/
Filter chain halted as [:login_required] rendered_or_redirected.
Completed in 5ms (DB: 0) | 302 Found [http://localhost/]


Processing SessionsController#index (for 127.0.0.1 at 2009-12-11 21:59:18) [GET]
Redirected to http://localhost:3000/
Filter chain halted as [:login_required] rendered_or_redirected.
Completed in 18ms (DB: 0) | 302 Found [http://localhost/]


Processing SessionsController#index (for 127.0.0.1 at 2009-12-11 21:59:18) [GET]
Redirected to http://localhost:3000/
Filter chain halted as [:login_required] rendered_or_redirected.
Completed in 11ms (DB: 0) | 302 Found [http://localhost/]


Processing SessionsController#index (for 127.0.0.1 at 2009-12-11 21:59:18) [GET]
Redirected to http://localhost:3000/
Filter chain halted as [:login_required] rendered_or_redirected.
Completed in 3ms (DB: 0) | 302 Found [http://localhost/]


Processing SessionsController#index (for 127.0.0.1 at 2009-12-11 21:59:19) [GET]
Redirected to http://localhost:3000/
Filter chain halted as [:login_required] rendered_or_redirected.
Completed in 11ms (DB: 0) | 302 Found [http://localhost/]


Processing SessionsController#index (for 127.0.0.1 at 2009-12-11 21:59:19) [GET]
Redirected to http://localhost:3000/
Filter chain halted as [:login_required] rendered_or_redirected.
Completed in 3ms (DB: 0) | 302 Found [http://localhost/]


Processing SessionsController#index (for 127.0.0.1 at 2009-12-11 21:59:19) [GET]
Redirected to http://localhost:3000/
Filter chain halted as [:login_required] rendered_or_redirected.
Completed in 3ms (DB: 0) | 302 Found [http://localhost/]


Processing SessionsController#index (for 127.0.0.1 at 2009-12-11 21:59:19) [GET]
Redirected to http://localhost:3000/
Filter chain halted as [:login_required] rendered_or_redirected.
Completed in 3ms (DB: 0) | 302 Found [http://localhost/]
  [4;36;1mUser Load (1.5ms)[0m   [0;1mSELECT * FROM "users" [0m
  [4;35;1mSQL (1.3ms)[0m   [0m SELECT name
 FROM sqlite_master
 WHERE type = 'table' AND NOT name = 'sqlite_sequence'
[0m
  [4;36;1mSQL (2.1ms)[0m   [0;1m SELECT name
 FROM sqlite_master
 WHERE type = 'table' AND NOT name = 'sqlite_sequence'
[0m
  [4;35;1mSQL (0.8ms)[0m   [0mSELECT version FROM schema_migrations[0m
Migrating to CreateUsers (20091209170501)
Migrating to CreateCharacters (20091211180200)
  [4;36;1mSQL (1.1ms)[0m   [0;1mselect sqlite_version(*)[0m
  [4;35;1mSQL (6.7ms)[0m   [0mCREATE TABLE "characters" ("id" INTEGER PRIMARY KEY AUTOINCREMENT NOT NULL, "created_at" datetime, "updated_at" datetime) [0m
  [4;36;1mSQL (0.6ms)[0m   [0;1mINSERT INTO schema_migrations (version) VALUES ('20091211180200')[0m
Migrating to UserInfo (20091211200744)
  [4;35;1mSQL (1.5ms)[0m   [0mALTER TABLE "users" ADD "username" varchar(255)[0m
  [4;36;1mSQL (5.0ms)[0m   [0;1mALTER TABLE "users" ADD "psw" varchar(255)[0m
  [4;35;1mSQL (1.0ms)[0m   [0mALTER TABLE "users" ADD "email" varchar(255)[0m
  [4;36;1mSQL (1.0ms)[0m   [0;1mALTER TABLE "users" ADD "role" integer[0m
  [4;35;1mSQL (1.0ms)[0m   [0mALTER TABLE "users" ADD "birth_date" datetime[0m
  [4;36;1mSQL (1.0ms)[0m   [0;1mALTER TABLE "users" ADD "free_field" text[0m
  [4;35;1mSQL (4.7ms)[0m   [0mALTER TABLE "users" ADD "char_limit" integer[0m
  [4;36;1mSQL (0.6ms)[0m   [0;1mINSERT INTO schema_migrations (version) VALUES ('20091211200744')[0m
  [4;35;1mSQL (1.5ms)[0m   [0m SELECT name
 FROM sqlite_master
 WHERE type = 'table' AND NOT name = 'sqlite_sequence'
[0m
  [4;36;1mSQL (1.0ms)[0m   [0;1mSELECT version FROM schema_migrations[0m
  [4;35;1mSQL (1.1ms)[0m   [0m SELECT name
 FROM sqlite_master
 WHERE type = 'table' AND NOT name = 'sqlite_sequence'
[0m
  [4;36;1mSQL (0.4ms)[0m   [0;1mPRAGMA index_list("characters")[0m
  [4;35;1mSQL (0.3ms)[0m   [0mPRAGMA index_list("users")[0m
  [4;36;1mSQL (6.7ms)[0m   [0;1m SELECT name
 FROM sqlite_master
 WHERE type = 'table' AND NOT name = 'sqlite_sequence'
[0m
  [4;35;1mSQL (1.1ms)[0m   [0mSELECT version FROM schema_migrations[0m
Migrating to CreateUsers (20091209170501)
Migrating to CreateCharacters (20091211180200)
Migrating to UserInfo (20091211200744)
Migrating to CharacterBasicInfo (20091211201341)
  [4;36;1mSQL (0.6ms)[0m   [0;1mselect sqlite_version(*)[0m
  [4;35;1mSQL (2.1ms)[0m   [0mALTER TABLE "characters" ADD "char_name" varchar(255)[0m
  [4;36;1mSQL (0.7ms)[0m   [0;1mINSERT INTO schema_migrations (version) VALUES ('20091211201341')[0m
  [4;35;1mSQL (1.2ms)[0m   [0m SELECT name
 FROM sqlite_master
 WHERE type = 'table' AND NOT name = 'sqlite_sequence'
[0m
  [4;36;1mSQL (1.6ms)[0m   [0;1mSELECT version FROM schema_migrations[0m
  [4;35;1mSQL (1.1ms)[0m   [0m SELECT name
 FROM sqlite_master
 WHERE type = 'table' AND NOT name = 'sqlite_sequence'
[0m
  [4;36;1mSQL (0.3ms)[0m   [0;1mPRAGMA index_list("characters")[0m
  [4;35;1mSQL (0.4ms)[0m   [0mPRAGMA index_list("users")[0m


Processing SessionsController#index (for 127.0.0.1 at 2009-12-11 22:14:59) [GET]
Redirected to http://localhost:3000/
Filter chain halted as [:login_required] rendered_or_redirected.
Completed in 19ms (DB: 0) | 302 Found [http://localhost/]


Processing SessionsController#index (for 127.0.0.1 at 2009-12-11 22:14:59) [GET]
Redirected to http://localhost:3000/
Filter chain halted as [:login_required] rendered_or_redirected.
Completed in 7ms (DB: 0) | 302 Found [http://localhost/]


Processing SessionsController#index (for 127.0.0.1 at 2009-12-11 22:14:59) [GET]
Redirected to http://localhost:3000/
Filter chain halted as [:login_required] rendered_or_redirected.
Completed in 13ms (DB: 0) | 302 Found [http://localhost/]


Processing SessionsController#index (for 127.0.0.1 at 2009-12-11 22:14:59) [GET]
Redirected to http://localhost:3000/
Filter chain halted as [:login_required] rendered_or_redirected.
Completed in 3ms (DB: 0) | 302 Found [http://localhost/]


Processing SessionsController#index (for 127.0.0.1 at 2009-12-11 22:15:00) [GET]
Redirected to http://localhost:3000/
Filter chain halted as [:login_required] rendered_or_redirected.
Completed in 3ms (DB: 0) | 302 Found [http://localhost/]


Processing SessionsController#index (for 127.0.0.1 at 2009-12-11 22:15:00) [GET]
Redirected to http://localhost:3000/
Filter chain halted as [:login_required] rendered_or_redirected.
Completed in 3ms (DB: 0) | 302 Found [http://localhost/]


Processing SessionsController#index (for 127.0.0.1 at 2009-12-11 22:15:00) [GET]
Redirected to http://localhost:3000/
Filter chain halted as [:login_required] rendered_or_redirected.
Completed in 5ms (DB: 0) | 302 Found [http://localhost/]


Processing SessionsController#index (for 127.0.0.1 at 2009-12-11 22:15:00) [GET]
Redirected to http://localhost:3000/
Filter chain halted as [:login_required] rendered_or_redirected.
Completed in 4ms (DB: 0) | 302 Found [http://localhost/]


Processing SessionsController#index (for 127.0.0.1 at 2009-12-11 22:15:01) [GET]
Redirected to http://localhost:3000/
Filter chain halted as [:login_required] rendered_or_redirected.
Completed in 3ms (DB: 0) | 302 Found [http://localhost/]


Processing SessionsController#index (for 127.0.0.1 at 2009-12-11 22:15:01) [GET]
Redirected to http://localhost:3000/
Filter chain halted as [:login_required] rendered_or_redirected.
Completed in 3ms (DB: 0) | 302 Found [http://localhost/]


Processing SessionsController#index (for 127.0.0.1 at 2009-12-11 22:15:01) [GET]
Redirected to http://localhost:3000/
Filter chain halted as [:login_required] rendered_or_redirected.
Completed in 7ms (DB: 0) | 302 Found [http://localhost/]


Processing SessionsController#index (for 127.0.0.1 at 2009-12-11 22:15:01) [GET]
Redirected to http://localhost:3000/
Filter chain halted as [:login_required] rendered_or_redirected.
Completed in 3ms (DB: 0) | 302 Found [http://localhost/]


Processing SessionsController#index (for 127.0.0.1 at 2009-12-11 22:15:01) [GET]
Redirected to http://localhost:3000/
Filter chain halted as [:login_required] rendered_or_redirected.
Completed in 3ms (DB: 0) | 302 Found [http://localhost/]


Processing SessionsController#index (for 127.0.0.1 at 2009-12-11 22:15:02) [GET]
Redirected to http://localhost:3000/
Filter chain halted as [:login_required] rendered_or_redirected.
Completed in 3ms (DB: 0) | 302 Found [http://localhost/]


Processing SessionsController#index (for 127.0.0.1 at 2009-12-11 22:15:02) [GET]
Redirected to http://localhost:3000/
Filter chain halted as [:login_required] rendered_or_redirected.
Completed in 3ms (DB: 0) | 302 Found [http://localhost/]


Processing SessionsController#index (for 127.0.0.1 at 2009-12-11 22:15:02) [GET]
Redirected to http://localhost:3000/
Filter chain halted as [:login_required] rendered_or_redirected.
Completed in 3ms (DB: 0) | 302 Found [http://localhost/]


Processing SessionsController#index (for 127.0.0.1 at 2009-12-11 22:15:02) [GET]
Redirected to http://localhost:3000/
Filter chain halted as [:login_required] rendered_or_redirected.
Completed in 3ms (DB: 0) | 302 Found [http://localhost/]


Processing SessionsController#index (for 127.0.0.1 at 2009-12-11 22:15:02) [GET]
Redirected to http://localhost:3000/
Filter chain halted as [:login_required] rendered_or_redirected.
Completed in 13ms (DB: 0) | 302 Found [http://localhost/]


Processing SessionsController#index (for 127.0.0.1 at 2009-12-11 22:15:03) [GET]
Redirected to http://localhost:3000/
Filter chain halted as [:login_required] rendered_or_redirected.
Completed in 3ms (DB: 0) | 302 Found [http://localhost/]


Processing SessionsController#index (for 127.0.0.1 at 2009-12-11 22:15:03) [GET]
Redirected to http://localhost:3000/
Filter chain halted as [:login_required] rendered_or_redirected.
Completed in 3ms (DB: 0) | 302 Found [http://localhost/]


Processing SessionsController#index (for 127.0.0.1 at 2009-12-11 22:15:03) [GET]
Redirected to http://localhost:3000/
Filter chain halted as [:login_required] rendered_or_redirected.
Completed in 3ms (DB: 0) | 302 Found [http://localhost/]
  [4;36;1mUser Load (0.0ms)[0m   [0;1mSQLite3::SQLException: database schema has changed: SELECT * FROM "users" [0m
  [4;35;1mUser Load (1.4ms)[0m   [0mSELECT * FROM "users" [0m
  [4;36;1mUser Create (1.8ms)[0m   [0;1mINSERT INTO "users" ("created_at", "updated_at", "username", "role", "birth_date", "free_field", "psw", "char_limit", "email") VALUES('2009-12-11 20:16:58', '2009-12-11 20:16:58', 'chawi', NULL, NULL, 'A lot of work to do under the sun', 'test', 12, 'lwojala@cs.helsinki.fi')[0m
  [4;35;1mUser Load (1.6ms)[0m   [0mSELECT * FROM "users" [0m
  [4;36;1mCharacter Load (0.6ms)[0m   [0;1mSELECT * FROM "characters" [0m
  [4;36;1mSQL (2.3ms)[0m   [0;1m SELECT name
 FROM sqlite_master
 WHERE type = 'table' AND NOT name = 'sqlite_sequence'
[0m
  [4;35;1mSQL (3.1ms)[0m   [0mSELECT version FROM schema_migrations[0m
Migrating to CreateUsers (20091209170501)
Migrating to CreateCharacters (20091211180200)
Migrating to UserInfo (20091211200744)
Migrating to CharacterBasicInfo (20091211201341)
Migrating to CharacterBasicInfoAddUid (20091211201756)
  [4;36;1mSQL (0.7ms)[0m   [0;1mselect sqlite_version(*)[0m
  [4;35;1mSQL (2.1ms)[0m   [0mALTER TABLE "characters" ADD "user_id" integer[0m
  [4;36;1mSQL (0.6ms)[0m   [0;1mINSERT INTO schema_migrations (version) VALUES ('20091211201756')[0m
  [4;35;1mSQL (1.3ms)[0m   [0m SELECT name
 FROM sqlite_master
 WHERE type = 'table' AND NOT name = 'sqlite_sequence'
[0m
  [4;36;1mSQL (1.4ms)[0m   [0;1mSELECT version FROM schema_migrations[0m
  [4;35;1mSQL (7.8ms)[0m   [0m SELECT name
 FROM sqlite_master
 WHERE type = 'table' AND NOT name = 'sqlite_sequence'
[0m
  [4;36;1mSQL (0.3ms)[0m   [0;1mPRAGMA index_list("characters")[0m
  [4;35;1mSQL (0.3ms)[0m   [0mPRAGMA index_list("users")[0m


Processing SessionsController#index (for 127.0.0.1 at 2009-12-11 22:18:58) [GET]
Redirected to http://localhost:3000/
Filter chain halted as [:login_required] rendered_or_redirected.
Completed in 13ms (DB: 0) | 302 Found [http://localhost/]


Processing SessionsController#index (for 127.0.0.1 at 2009-12-11 22:18:58) [GET]
Redirected to http://localhost:3000/
Filter chain halted as [:login_required] rendered_or_redirected.
Completed in 3ms (DB: 0) | 302 Found [http://localhost/]


Processing SessionsController#index (for 127.0.0.1 at 2009-12-11 22:18:58) [GET]
Redirected to http://localhost:3000/
Filter chain halted as [:login_required] rendered_or_redirected.
Completed in 3ms (DB: 0) | 302 Found [http://localhost/]


Processing SessionsController#index (for 127.0.0.1 at 2009-12-11 22:18:58) [GET]
Redirected to http://localhost:3000/
Filter chain halted as [:login_required] rendered_or_redirected.
Completed in 3ms (DB: 0) | 302 Found [http://localhost/]


Processing SessionsController#index (for 127.0.0.1 at 2009-12-11 22:18:59) [GET]
Redirected to http://localhost:3000/
Filter chain halted as [:login_required] rendered_or_redirected.
Completed in 3ms (DB: 0) | 302 Found [http://localhost/]


Processing SessionsController#index (for 127.0.0.1 at 2009-12-11 22:18:59) [GET]
Redirected to http://localhost:3000/
Filter chain halted as [:login_required] rendered_or_redirected.
Completed in 3ms (DB: 0) | 302 Found [http://localhost/]


Processing SessionsController#index (for 127.0.0.1 at 2009-12-11 22:18:59) [GET]
Redirected to http://localhost:3000/
Filter chain halted as [:login_required] rendered_or_redirected.
Completed in 4ms (DB: 0) | 302 Found [http://localhost/]


Processing SessionsController#index (for 127.0.0.1 at 2009-12-11 22:18:59) [GET]
Redirected to http://localhost:3000/
Filter chain halted as [:login_required] rendered_or_redirected.
Completed in 3ms (DB: 0) | 302 Found [http://localhost/]


Processing SessionsController#index (for 127.0.0.1 at 2009-12-11 22:19:00) [GET]
Redirected to http://localhost:3000/
Filter chain halted as [:login_required] rendered_or_redirected.
Completed in 5ms (DB: 0) | 302 Found [http://localhost/]


Processing SessionsController#index (for 127.0.0.1 at 2009-12-11 22:19:00) [GET]
Redirected to http://localhost:3000/
Filter chain halted as [:login_required] rendered_or_redirected.
Completed in 3ms (DB: 0) | 302 Found [http://localhost/]


Processing SessionsController#index (for 127.0.0.1 at 2009-12-11 22:19:00) [GET]
Redirected to http://localhost:3000/
Filter chain halted as [:login_required] rendered_or_redirected.
Completed in 3ms (DB: 0) | 302 Found [http://localhost/]


Processing SessionsController#index (for 127.0.0.1 at 2009-12-11 22:19:00) [GET]
Redirected to http://localhost:3000/
Filter chain halted as [:login_required] rendered_or_redirected.
Completed in 24ms (DB: 0) | 302 Found [http://localhost/]


Processing SessionsController#index (for 127.0.0.1 at 2009-12-11 22:19:01) [GET]
Redirected to http://localhost:3000/
Filter chain halted as [:login_required] rendered_or_redirected.
Completed in 32ms (DB: 0) | 302 Found [http://localhost/]


Processing SessionsController#index (for 127.0.0.1 at 2009-12-11 22:19:01) [GET]
Redirected to http://localhost:3000/
Filter chain halted as [:login_required] rendered_or_redirected.
Completed in 13ms (DB: 0) | 302 Found [http://localhost/]


Processing SessionsController#index (for 127.0.0.1 at 2009-12-11 22:19:01) [GET]
Redirected to http://localhost:3000/
Filter chain halted as [:login_required] rendered_or_redirected.
Completed in 3ms (DB: 0) | 302 Found [http://localhost/]


Processing SessionsController#index (for 127.0.0.1 at 2009-12-11 22:19:02) [GET]
Redirected to http://localhost:3000/
Filter chain halted as [:login_required] rendered_or_redirected.
Completed in 3ms (DB: 0) | 302 Found [http://localhost/]


Processing SessionsController#index (for 127.0.0.1 at 2009-12-11 22:19:02) [GET]
Redirected to http://localhost:3000/
Filter chain halted as [:login_required] rendered_or_redirected.
Completed in 3ms (DB: 0) | 302 Found [http://localhost/]


Processing SessionsController#index (for 127.0.0.1 at 2009-12-11 22:19:02) [GET]
Redirected to http://localhost:3000/
Filter chain halted as [:login_required] rendered_or_redirected.
Completed in 3ms (DB: 0) | 302 Found [http://localhost/]


Processing SessionsController#index (for 127.0.0.1 at 2009-12-11 22:19:03) [GET]
Redirected to http://localhost:3000/
Filter chain halted as [:login_required] rendered_or_redirected.
Completed in 3ms (DB: 0) | 302 Found [http://localhost/]


Processing SessionsController#index (for 127.0.0.1 at 2009-12-11 22:19:03) [GET]
Redirected to http://localhost:3000/
Filter chain halted as [:login_required] rendered_or_redirected.
Completed in 5ms (DB: 0) | 302 Found [http://localhost/]


Processing SessionsController#index (for 127.0.0.1 at 2009-12-11 22:19:03) [GET]
Redirected to http://localhost:3000/
Filter chain halted as [:login_required] rendered_or_redirected.
Completed in 3ms (DB: 0) | 302 Found [http://localhost/]
  [4;35;1mCharacter Create (1.1ms)[0m   [0mINSERT INTO "characters" ("char_name", "created_at", "updated_at", "user_id") VALUES('Shadowcatcher', '2009-12-11 20:19:27', '2009-12-11 20:19:27', 1)[0m
  [4;36;1mUser Load (1.6ms)[0m   [0;1mSELECT * FROM "users" LIMIT 1[0m
  [4;35;1mUser Load (1.5ms)[0m   [0mSELECT * FROM "users" LIMIT 1[0m
  [4;36;1mCharacter Load (1.2ms)[0m   [0;1mSELECT * FROM "characters" WHERE ("characters".user_id = 1) [0m


Processing SessionsController#index (for 127.0.0.1 at 2009-12-11 22:20:06) [GET]
Rendering template within layouts/application
Rendering sessions/index
Completed in 218ms (View: 170, DB: 0) | 200 OK [http://localhost/]


Processing SessionsController#index (for 127.0.0.1 at 2009-12-11 22:25:25) [GET]
Rendering template within layouts/application
Rendering sessions/index
Completed in 38ms (View: 26, DB: 0) | 200 OK [http://localhost/]


Processing UsersController#new (for 127.0.0.1 at 2009-12-11 22:25:29) [GET]
Redirected to http://localhost:3000/
Filter chain halted as [:login_required] rendered_or_redirected.
Completed in 3ms (DB: 0) | 302 Found [http://localhost/users/new]


Processing SessionsController#index (for 127.0.0.1 at 2009-12-11 22:25:29) [GET]
Rendering template within layouts/application
Rendering sessions/index
Completed in 37ms (View: 20, DB: 0) | 200 OK [http://localhost/]


Processing UsersController#new (for 127.0.0.1 at 2009-12-11 22:27:16) [GET]

ActionView::MissingTemplate (Missing template users/new.erb in view path app/views):
  

Rendering rescues/layout (internal_server_error)
  [4;36;1mSQL (2.3ms)[0m   [0;1m SELECT name
 FROM sqlite_master
 WHERE type = 'table' AND NOT name = 'sqlite_sequence'
[0m
  [4;35;1mSQL (1.4ms)[0m   [0mSELECT version FROM schema_migrations[0m
Migrating to CreateUsers (20091209170501)
Migrating to CreateCharacters (20091211180200)
Migrating to UserInfo (20091211200744)
Migrating to CharacterBasicInfo (20091211201341)
Migrating to CharacterBasicInfoAddUid (20091211201756)
  [4;36;1mSQL (2.6ms)[0m   [0;1mselect sqlite_version(*)[0m
  [4;35;1mSQL (1.2ms)[0m   [0m SELECT name
 FROM sqlite_master
 WHERE type = 'table' AND NOT name = 'sqlite_sequence'
[0m
  [4;36;1mSQL (1.3ms)[0m   [0;1mSELECT version FROM schema_migrations[0m
  [4;35;1mSQL (1.1ms)[0m   [0m SELECT name
 FROM sqlite_master
 WHERE type = 'table' AND NOT name = 'sqlite_sequence'
[0m
  [4;36;1mSQL (0.3ms)[0m   [0;1mPRAGMA index_list("characters")[0m
  [4;35;1mSQL (3.9ms)[0m   [0mPRAGMA index_list("users")[0m


Processing SessionsController#index (for 127.0.0.1 at 2009-12-11 22:30:53) [GET]
Rendering template within layouts/application
Rendering sessions/index

ActionView::TemplateError (undefined local variable or method `holt_rules_path' for #<ActionView::Base:0xb7134018>) on line #22 of app/views/sessions/index.html.erb:
19: 				<li><%= f.label :psw, 'Password' %>
20: 					<%= f.password_field(:psw) %></li>
21: 				<li><%= submit_tag "Login" %></li>		
22: 				<li class="small">Not a member? <%= link_to "Register now", holt_rules_path %></li>  	
23: 			</ul>
24: 				
25: 			<% end %>			

    app/views/sessions/index.html.erb:22
    app/views/sessions/index.html.erb:14

Rendered rescues/_trace (283.2ms)
Rendered rescues/_request_and_response (1.0ms)
Rendering rescues/layout (internal_server_error)


Processing UsersController#show (for 127.0.0.1 at 2009-12-11 22:31:27) [GET]
  Parameters: {"id"=>"10"}
Redirected to http://localhost:3000/
Filter chain halted as [:login_required] rendered_or_redirected.
Completed in 3ms (DB: 0) | 302 Found [http://localhost/users/10]


Processing SessionsController#index (for 127.0.0.1 at 2009-12-11 22:31:27) [GET]
Rendering template within layouts/application
Rendering sessions/index
Completed in 51ms (View: 40, DB: 0) | 200 OK [http://localhost/]


Processing HoltRulesController#index (for 127.0.0.1 at 2009-12-11 22:31:30) [GET]
Redirected to http://localhost:3000/
Filter chain halted as [:login_required] rendered_or_redirected.
Completed in 3ms (DB: 0) | 302 Found [http://localhost/holt_rules]


Processing SessionsController#index (for 127.0.0.1 at 2009-12-11 22:31:30) [GET]
Rendering template within layouts/application
Rendering sessions/index
Completed in 34ms (View: 15, DB: 0) | 200 OK [http://localhost/]


Processing HoltRulesController#index (for 127.0.0.1 at 2009-12-11 22:32:14) [GET]

ActionView::MissingTemplate (Missing template holt_rules/index.erb in view path app/views):
  

Rendering rescues/layout (internal_server_error)


Processing HoltRulesController#index (for 127.0.0.1 at 2009-12-11 22:33:40) [GET]
Rendering template within layouts/application
Rendering holt_rules/index
Completed in 146ms (View: 114, DB: 0) | 200 OK [http://localhost/holt_rules]


Processing HoltRulesController#index (for 127.0.0.1 at 2009-12-11 22:36:01) [GET]
Rendering template within layouts/application
Rendering holt_rules/index
Completed in 46ms (View: 35, DB: 0) | 200 OK [http://localhost/holt_rules]


Processing HoltRulesController#index (for 127.0.0.1 at 2009-12-11 22:37:48) [GET]
Rendering template within layouts/application
Rendering holt_rules/index
Completed in 83ms (View: 73, DB: 0) | 200 OK [http://localhost/holt_rules]


Processing UsersController#new (for 127.0.0.1 at 2009-12-11 22:37:49) [GET]
Rendering template within layouts/application
Rendering users/new
Completed in 54ms (View: 37, DB: 0) | 200 OK [http://localhost/users/new]


Processing UsersController#new (for 127.0.0.1 at 2009-12-11 23:05:10) [GET]
Rendering template within layouts/application
Rendering users/new
ERROR: compiling _run_erb_app47views47users47new46html46erb RAISED compile error
/home/chawi/Projects/nev/app/views/users/new.html.erb:2: syntax error, unexpected ')'
...cat(( form_for :users do |f| ).to_s); @output_buffer.concat ...
                              ^
/home/chawi/Projects/nev/app/views/users/new.html.erb:16: syntax error, unexpected kENSURE, expecting kEND
/home/chawi/Projects/nev/app/views/users/new.html.erb:18: syntax error, unexpected $end, expecting ')'
Function body:           def _run_erb_app47views47users47new46html46erb(local_assigns)
            old_output_buffer = output_buffer;;@output_buffer = '';  __in_erb_template=true ; @output_buffer.concat "\n"
; @output_buffer.concat(( form_for :users do |f| ).to_s); @output_buffer.concat "\n<ul class=\"styledList\">\n\t<li>"

; @output_buffer.concat(( f.label :username, 'Username' ).to_s); @output_buffer.concat ":\n    "
; @output_buffer.concat(( f.text_field :username ).to_s); @output_buffer.concat "\n\t</li>\n\t<li>\n\t\t"


; @output_buffer.concat(( f.label :psw, 'Password' ).to_s); @output_buffer.concat ":\n    "
; @output_buffer.concat(( f.password_field :psw ).to_s); @output_buffer.concat "\n\n\n\t</li>\n\t<li></li>\n</ul>\n"





; @output_buffer
          ensure
            self.output_buffer = old_output_buffer
          end
Backtrace: /home/chawi/Projects/nev/app/views/users/new.html.erb:18:in `compile!'
/usr/lib/ruby/gems/1.8/gems/actionpack-2.3.4/lib/action_view/renderable.rb:61:in `compile'
/usr/lib/ruby/gems/1.8/gems/actionpack-2.3.4/lib/action_view/renderable.rb:28:in `render'
/usr/lib/ruby/gems/1.8/gems/actionpack-2.3.4/lib/action_view/template.rb:199:in `render_template'
/usr/lib/ruby/gems/1.8/gems/actionpack-2.3.4/lib/action_view/base.rb:260:in `render'
/usr/lib/ruby/gems/1.8/gems/actionpack-2.3.4/lib/action_view/base.rb:343:in `_render_with_layout'
/usr/lib/ruby/gems/1.8/gems/actionpack-2.3.4/lib/action_view/base.rb:257:in `render'
/usr/lib/ruby/gems/1.8/gems/actionpack-2.3.4/lib/action_controller/base.rb:1250:in `render_for_file'
/usr/lib/ruby/gems/1.8/gems/actionpack-2.3.4/lib/action_controller/base.rb:945:in `render_without_benchmark'
/usr/lib/ruby/gems/1.8/gems/actionpack-2.3.4/lib/action_controller/benchmarking.rb:51:in `render'
/usr/lib/ruby/gems/1.8/gems/activesupport-2.3.4/lib/active_support/core_ext/benchmark.rb:17:in `ms'
/usr/lib/ruby/1.8/benchmark.rb:308:in `realtime'
/usr/lib/ruby/gems/1.8/gems/activesupport-2.3.4/lib/active_support/core_ext/benchmark.rb:17:in `ms'
/usr/lib/ruby/gems/1.8/gems/actionpack-2.3.4/lib/action_controller/benchmarking.rb:51:in `render'
/usr/lib/ruby/gems/1.8/gems/actionpack-2.3.4/lib/action_controller/base.rb:1326:in `default_render'
/usr/lib/ruby/gems/1.8/gems/actionpack-2.3.4/lib/action_controller/base.rb:1332:in `perform_action_without_filters'
/usr/lib/ruby/gems/1.8/gems/actionpack-2.3.4/lib/action_controller/filters.rb:617:in `call_filters'
/usr/lib/ruby/gems/1.8/gems/actionpack-2.3.4/lib/action_controller/filters.rb:610:in `perform_action_without_benchmark'
/usr/lib/ruby/gems/1.8/gems/actionpack-2.3.4/lib/action_controller/benchmarking.rb:68:in `perform_action_without_rescue'
/usr/lib/ruby/gems/1.8/gems/activesupport-2.3.4/lib/active_support/core_ext/benchmark.rb:17:in `ms'
/usr/lib/ruby/1.8/benchmark.rb:308:in `realtime'
/usr/lib/ruby/gems/1.8/gems/activesupport-2.3.4/lib/active_support/core_ext/benchmark.rb:17:in `ms'
/usr/lib/ruby/gems/1.8/gems/actionpack-2.3.4/lib/action_controller/benchmarking.rb:68:in `perform_action_without_rescue'
/usr/lib/ruby/gems/1.8/gems/actionpack-2.3.4/lib/action_controller/rescue.rb:160:in `perform_action_without_flash'
/usr/lib/ruby/gems/1.8/gems/actionpack-2.3.4/lib/action_controller/flash.rb:146:in `perform_action'
/usr/lib/ruby/gems/1.8/gems/actionpack-2.3.4/lib/action_controller/base.rb:532:in `send'
/usr/lib/ruby/gems/1.8/gems/actionpack-2.3.4/lib/action_controller/base.rb:532:in `process_without_filters'
/usr/lib/ruby/gems/1.8/gems/actionpack-2.3.4/lib/action_controller/filters.rb:606:in `process'
/usr/lib/ruby/gems/1.8/gems/actionpack-2.3.4/lib/action_controller/base.rb:391:in `process'
/usr/lib/ruby/gems/1.8/gems/actionpack-2.3.4/lib/action_controller/base.rb:386:in `call'
/usr/lib/ruby/gems/1.8/gems/actionpack-2.3.4/lib/action_controller/routing/route_set.rb:437:in `call'
/usr/lib/ruby/gems/1.8/gems/actionpack-2.3.4/lib/action_controller/dispatcher.rb:87:in `dispatch'
/usr/lib/ruby/gems/1.8/gems/actionpack-2.3.4/lib/action_controller/dispatcher.rb:121:in `_call'
/usr/lib/ruby/gems/1.8/gems/actionpack-2.3.4/lib/action_controller/dispatcher.rb:130:in `build_middleware_stack'
/usr/lib/ruby/gems/1.8/gems/activerecord-2.3.4/lib/active_record/query_cache.rb:29:in `call'
/usr/lib/ruby/gems/1.8/gems/activerecord-2.3.4/lib/active_record/query_cache.rb:29:in `call'
/usr/lib/ruby/gems/1.8/gems/activerecord-2.3.4/lib/active_record/connection_adapters/abstract/query_cache.rb:34:in `cache'
/usr/lib/ruby/gems/1.8/gems/activerecord-2.3.4/lib/active_record/query_cache.rb:9:in `cache'
/usr/lib/ruby/gems/1.8/gems/activerecord-2.3.4/lib/active_record/query_cache.rb:28:in `call'
/usr/lib/ruby/gems/1.8/gems/activerecord-2.3.4/lib/active_record/connection_adapters/abstract/connection_pool.rb:361:in `call'
/usr/lib/ruby/gems/1.8/gems/rack-1.0.1/lib/rack/head.rb:9:in `call'
/usr/lib/ruby/gems/1.8/gems/rack-1.0.1/lib/rack/methodoverride.rb:24:in `call'
/usr/lib/ruby/gems/1.8/gems/actionpack-2.3.4/lib/action_controller/params_parser.rb:15:in `call'
/usr/lib/ruby/gems/1.8/gems/actionpack-2.3.4/lib/action_controller/session/cookie_store.rb:93:in `call'
/usr/lib/ruby/gems/1.8/gems/actionpack-2.3.4/lib/action_controller/failsafe.rb:26:in `call'
/usr/lib/ruby/gems/1.8/gems/rack-1.0.1/lib/rack/lock.rb:11:in `call'
/usr/lib/ruby/gems/1.8/gems/rack-1.0.1/lib/rack/lock.rb:11:in `synchronize'
/usr/lib/ruby/gems/1.8/gems/rack-1.0.1/lib/rack/lock.rb:11:in `call'
/usr/lib/ruby/gems/1.8/gems/actionpack-2.3.4/lib/action_controller/dispatcher.rb:114:in `call'
/usr/lib/ruby/gems/1.8/gems/actionpack-2.3.4/lib/action_controller/reloader.rb:34:in `run'
/usr/lib/ruby/gems/1.8/gems/actionpack-2.3.4/lib/action_controller/dispatcher.rb:108:in `call'
/usr/lib/ruby/gems/1.8/gems/rails-2.3.4/lib/rails/rack/static.rb:31:in `call'
/usr/lib/ruby/gems/1.8/gems/rack-1.0.1/lib/rack/urlmap.rb:46:in `call'
/usr/lib/ruby/gems/1.8/gems/rack-1.0.1/lib/rack/urlmap.rb:40:in `each'
/usr/lib/ruby/gems/1.8/gems/rack-1.0.1/lib/rack/urlmap.rb:40:in `call'
/usr/lib/ruby/gems/1.8/gems/rails-2.3.4/lib/rails/rack/log_tailer.rb:17:in `call'
/usr/lib/ruby/gems/1.8/gems/rack-1.0.1/lib/rack/content_length.rb:13:in `call'
/usr/lib/ruby/gems/1.8/gems/rack-1.0.1/lib/rack/chunked.rb:15:in `call'
/usr/lib/ruby/gems/1.8/gems/rack-1.0.1/lib/rack/handler/mongrel.rb:64:in `process'
/usr/lib/ruby/gems/1.8/gems/mongrel-1.1.5/lib/mongrel.rb:159:in `process_client'
/usr/lib/ruby/gems/1.8/gems/mongrel-1.1.5/lib/mongrel.rb:158:in `each'
/usr/lib/ruby/gems/1.8/gems/mongrel-1.1.5/lib/mongrel.rb:158:in `process_client'
/usr/lib/ruby/gems/1.8/gems/mongrel-1.1.5/lib/mongrel.rb:285:in `run'
/usr/lib/ruby/gems/1.8/gems/mongrel-1.1.5/lib/mongrel.rb:285:in `initialize'
/usr/lib/ruby/gems/1.8/gems/mongrel-1.1.5/lib/mongrel.rb:285:in `new'
/usr/lib/ruby/gems/1.8/gems/mongrel-1.1.5/lib/mongrel.rb:285:in `run'
/usr/lib/ruby/gems/1.8/gems/mongrel-1.1.5/lib/mongrel.rb:268:in `initialize'
/usr/lib/ruby/gems/1.8/gems/mongrel-1.1.5/lib/mongrel.rb:268:in `new'
/usr/lib/ruby/gems/1.8/gems/mongrel-1.1.5/lib/mongrel.rb:268:in `run'
/usr/lib/ruby/gems/1.8/gems/rack-1.0.1/lib/rack/handler/mongrel.rb:34:in `run'
/usr/lib/ruby/gems/1.8/gems/rails-2.3.4/lib/commands/server.rb:111
/usr/local/lib/site_ruby/1.8/rubygems/custom_require.rb:31:in `gem_original_require'
/usr/local/lib/site_ruby/1.8/rubygems/custom_require.rb:31:in `require'
script/server:3

ActionView::TemplateError (compile error
/home/chawi/Projects/nev/app/views/users/new.html.erb:2: syntax error, unexpected ')'
...cat(( form_for :users do |f| ).to_s); @output_buffer.concat ...
                              ^
/home/chawi/Projects/nev/app/views/users/new.html.erb:16: syntax error, unexpected kENSURE, expecting kEND
/home/chawi/Projects/nev/app/views/users/new.html.erb:18: syntax error, unexpected $end, expecting ')') on line #2 of app/views/users/new.html.erb:
1: 
2: <%= form_for :users do |f| %>
3: <ul class="styledList">
4: 	<li><%= f.label :username, 'Username' %>:
5:     <%= f.text_field :username %>

    app/views/users/new.html.erb:18:in `compile!'

Rendered rescues/_trace (455.5ms)
Rendered rescues/_request_and_response (1.1ms)
Rendering rescues/layout (internal_server_error)


Processing UsersController#new (for 127.0.0.1 at 2009-12-11 23:07:00) [GET]
Rendering template within layouts/application
Rendering users/new
Completed in 93ms (View: 46, DB: 0) | 200 OK [http://localhost/users/new]


Processing UsersController#new (for 127.0.0.1 at 2009-12-11 23:07:16) [GET]
Rendering template within layouts/application
Rendering users/new
Completed in 53ms (View: 41, DB: 0) | 200 OK [http://localhost/users/new]


Processing UsersController#new (for 127.0.0.1 at 2009-12-11 23:08:10) [GET]
Rendering template within layouts/application
Rendering users/new
Completed in 53ms (View: 40, DB: 0) | 200 OK [http://localhost/users/new]


Processing UsersController#new (for 127.0.0.1 at 2009-12-11 23:08:49) [GET]
Rendering template within layouts/application
Rendering users/new
Completed in 78ms (View: 58, DB: 0) | 200 OK [http://localhost/users/new]


Processing UsersController#new (for 127.0.0.1 at 2009-12-11 23:09:25) [GET]
Rendering template within layouts/application
Rendering users/new
Completed in 57ms (View: 45, DB: 0) | 200 OK [http://localhost/users/new]


Processing SessionsController#index (for 127.0.0.1 at 2009-12-11 23:09:47) [GET]
Rendering template within layouts/application
Rendering sessions/index
Completed in 33ms (View: 17, DB: 0) | 200 OK [http://localhost/]


Processing UsersController#create (for 127.0.0.1 at 2009-12-11 23:09:55) [POST]
  Parameters: {"commit"=>"Login", "authenticity_token"=>"9cjI4XMBrQROz9cxe2qXID1Lp/1l1vDX/Axc4G5KfD8=", "user"=>{"username"=>"chawi", "psw"=>"test"}}

ActionView::MissingTemplate (Missing template users/create.erb in view path app/views):
  

Rendering rescues/layout (internal_server_error)


Processing SessionsController#index (for 127.0.0.1 at 2009-12-11 23:10:39) [GET]
Rendering template within layouts/application
Rendering sessions/index
Completed in 52ms (View: 43, DB: 0) | 200 OK [http://localhost/]


Processing SessionsController#create (for 127.0.0.1 at 2009-12-11 23:10:47) [POST]
  Parameters: {"commit"=>"Login", "authenticity_token"=>"9cjI4XMBrQROz9cxe2qXID1Lp/1l1vDX/Axc4G5KfD8=", "user"=>{"username"=>"chawi", "psw"=>"test"}}
Redirected to http://localhost:3000/
Completed in 72ms (DB: 0) | 302 Found [http://localhost/sessions]


Processing SessionsController#index (for 127.0.0.1 at 2009-12-11 23:10:48) [GET]
Rendering template within layouts/application
Rendering sessions/index
Completed in 230ms (View: 207, DB: 0) | 200 OK [http://localhost/]


Processing SessionsController#create (for 127.0.0.1 at 2009-12-11 23:12:18) [POST]
  Parameters: {"commit"=>"Login", "authenticity_token"=>"9cjI4XMBrQROz9cxe2qXID1Lp/1l1vDX/Axc4G5KfD8=", "user"=>{"username"=>"chawi", "psw"=>"test"}}

NameError (undefined local variable or method `front_page' for #<SessionsController:0xb71a56c8>):
  app/controllers/sessions_controller.rb:24:in `create'

Rendered rescues/_trace (184.1ms)
Rendered rescues/_request_and_response (1.4ms)
Rendering rescues/layout (internal_server_error)


Processing SessionsController#create (for 127.0.0.1 at 2009-12-11 23:15:24) [POST]
  Parameters: {"commit"=>"Login", "authenticity_token"=>"9cjI4XMBrQROz9cxe2qXID1Lp/1l1vDX/Axc4G5KfD8=", "user"=>{"username"=>"chawi", "psw"=>"test"}}
Redirected to http://localhost:3000/newsfeed
Completed in 33ms (DB: 0) | 302 Found [http://localhost/sessions]


Processing ApplicationController#show (for 127.0.0.1 at 2009-12-11 23:15:24) [GET]

NameError (uninitialized constant NewsfeedsController):
  

Rendered rescues/_trace (163.0ms)
Rendered rescues/_request_and_response (1.1ms)
Rendering rescues/layout (internal_server_error)


Processing SessionsController#index (for 127.0.0.1 at 2009-12-11 23:15:46) [GET]
Rendering template within layouts/application
Rendering sessions/index
Completed in 36ms (View: 17, DB: 0) | 200 OK [http://localhost/]


Processing SessionsController#create (for 127.0.0.1 at 2009-12-11 23:15:49) [POST]
  Parameters: {"commit"=>"Login", "authenticity_token"=>"9cjI4XMBrQROz9cxe2qXID1Lp/1l1vDX/Axc4G5KfD8=", "user"=>{"username"=>"chawi", "psw"=>"test"}}
Redirected to http://localhost:3000/newsfeed
Completed in 30ms (DB: 0) | 302 Found [http://localhost/sessions]


Processing NewsfeedController#show (for 127.0.0.1 at 2009-12-11 23:15:50) [GET]
  [4;36;1mUser Load (0.7ms)[0m   [0;1mSELECT * FROM "users" WHERE ("users"."id" = 2) [0m

ActiveRecord::RecordNotFound (Couldn't find User with ID=2):
  app/controllers/application_controller.rb:31:in `set_user_variable'

Rendered rescues/_trace (198.7ms)
Rendered rescues/_request_and_response (1.1ms)
Rendering rescues/layout (not_found)


Processing NewsfeedController#show (for 127.0.0.1 at 2009-12-12 15:09:44) [GET]
  [4;36;1mUser Load (0.5ms)[0m   [0;1mSELECT * FROM "users" WHERE ("users"."id" = 2) [0m

ActiveRecord::RecordNotFound (Couldn't find User with ID=2):
  app/controllers/application_controller.rb:31:in `set_user_variable'

Rendered rescues/_trace (264.5ms)
Rendered rescues/_request_and_response (3.5ms)
Rendering rescues/layout (not_found)


Processing NewsfeedController#show (for 127.0.0.1 at 2009-12-12 15:10:28) [GET]

RuntimeError (2):
  app/controllers/application_controller.rb:31:in `set_user_variable'

Rendered rescues/_trace (115.7ms)
Rendered rescues/_request_and_response (0.8ms)
Rendering rescues/layout (internal_server_error)
  [4;36;1mUser Load (3.3ms)[0m   [0;1mSELECT * FROM "users" [0m
  [4;35;1mUser Load (1.1ms)[0m   [0mSELECT * FROM "users" [0m


Processing SessionsController#index (for 127.0.0.1 at 2009-12-12 15:12:47) [GET]
Rendering template within layouts/application
Rendering sessions/index
Completed in 67ms (View: 60, DB: 0) | 200 OK [http://localhost/]


Processing SessionsController#create (for 127.0.0.1 at 2009-12-12 15:12:52) [POST]
  Parameters: {"commit"=>"Login", "authenticity_token"=>"9cjI4XMBrQROz9cxe2qXID1Lp/1l1vDX/Axc4G5KfD8=", "user"=>{"username"=>"chawi", "psw"=>"test"}}
  [4;35;1mUser Load (1.1ms)[0m   [0mSELECT * FROM "users" WHERE ("users"."username" = 'chawi' AND "users"."psw" = 'test') LIMIT 1[0m
Redirected to http://localhost:3000/newsfeed
Completed in 30ms (DB: 1) | 302 Found [http://localhost/sessions]


Processing NewsfeedController#show (for 127.0.0.1 at 2009-12-12 15:12:52) [GET]

RuntimeError (1):
  app/controllers/application_controller.rb:31:in `set_user_variable'

Rendered rescues/_trace (282.4ms)
Rendered rescues/_request_and_response (0.8ms)
Rendering rescues/layout (internal_server_error)


Processing NewsfeedController#show (for 127.0.0.1 at 2009-12-12 15:18:02) [GET]
  [4;36;1mUser Load (1.1ms)[0m   [0;1mSELECT * FROM "users" WHERE ("users"."id" = 1) [0m

ActionView::MissingTemplate (Missing template newsfeed/show.erb in view path app/views):
  

Rendering rescues/layout (internal_server_error)


Processing NewsfeedController#show (for 127.0.0.1 at 2009-12-12 15:18:53) [GET]
  [4;35;1mUser Load (1.0ms)[0m   [0mSELECT * FROM "users" WHERE ("users"."id" = 1) [0m
Rendering template within layouts/application
Rendering newsfeed/show
Completed in 135ms (View: 53, DB: 1) | 200 OK [http://localhost/newsfeed]


Processing NewsfeedController#show (for 127.0.0.1 at 2009-12-12 15:19:07) [GET]
  [4;36;1mUser Load (1.1ms)[0m   [0;1mSELECT * FROM "users" WHERE ("users"."id" = 1) [0m
Rendering template within layouts/application
Rendering newsfeed/show
Completed in 121ms (View: 52, DB: 1) | 200 OK [http://localhost/newsfeed]


Processing NewsfeedController#show (for 127.0.0.1 at 2009-12-12 15:21:25) [GET]
  [4;35;1mUser Load (1.0ms)[0m   [0mSELECT * FROM "users" WHERE ("users"."id" = 1) [0m
Rendering template within layouts/application
Rendering newsfeed/show
Completed in 78ms (View: 21, DB: 1) | 200 OK [http://localhost/newsfeed]


Processing NewsfeedController#show (for 127.0.0.1 at 2009-12-12 15:22:24) [GET]
  [4;36;1mUser Load (1.0ms)[0m   [0;1mSELECT * FROM "users" WHERE ("users"."id" = 1) [0m
Rendering template within layouts/application
Rendering newsfeed/show
Completed in 64ms (View: 6, DB: 1) | 200 OK [http://localhost/newsfeed]


Processing NewsfeedController#show (for 127.0.0.1 at 2009-12-12 15:24:46) [GET]
  [4;35;1mUser Load (1.0ms)[0m   [0mSELECT * FROM "users" WHERE ("users"."id" = 1) [0m
Rendering template within layouts/application
Rendering newsfeed/show
Completed in 49ms (View: 19, DB: 1) | 200 OK [http://localhost/newsfeed]


Processing NewsfeedController#show (for 127.0.0.1 at 2009-12-12 15:25:21) [GET]
  [4;36;1mUser Load (1.0ms)[0m   [0;1mSELECT * FROM "users" WHERE ("users"."id" = 1) [0m
Rendering template within layouts/application
Rendering newsfeed/show
Completed in 29ms (View: 3, DB: 1) | 200 OK [http://localhost/newsfeed]


Processing NewsfeedController#show (for 127.0.0.1 at 2009-12-23 22:00:10) [GET]
  [4;36;1mUser Load (1.7ms)[0m   [0;1mSELECT * FROM "users" WHERE ("users"."id" = 1) [0m
Rendering template within layouts/application
Rendering newsfeed/show
Completed in 183ms (View: 63, DB: 2) | 200 OK [http://localhost/newsfeed]


Processing SessionsController#index (for 127.0.0.1 at 2009-12-23 22:00:35) [GET]
Rendering template within layouts/application
Rendering sessions/index
Completed in 255ms (View: 240, DB: 0) | 200 OK [http://localhost/]


Processing SessionsController#create (for 127.0.0.1 at 2009-12-23 22:00:50) [POST]
  Parameters: {"commit"=>"Login", "authenticity_token"=>"9cjI4XMBrQROz9cxe2qXID1Lp/1l1vDX/Axc4G5KfD8=", "user"=>{"username"=>"chawi", "psw"=>"test"}}
  [4;35;1mUser Load (7.2ms)[0m   [0mSELECT * FROM "users" WHERE ("users"."username" = 'chawi' AND "users"."psw" = 'test') LIMIT 1[0m
Redirected to http://localhost:3000/newsfeed
Completed in 42ms (DB: 7) | 302 Found [http://localhost/sessions]


Processing NewsfeedController#show (for 127.0.0.1 at 2009-12-23 22:00:50) [GET]
  [4;36;1mUser Load (1.5ms)[0m   [0;1mSELECT * FROM "users" WHERE ("users"."id" = 1) [0m
Rendering template within layouts/application
Rendering newsfeed/show
Completed in 43ms (View: 5, DB: 2) | 200 OK [http://localhost/newsfeed]


Processing NewsfeedController#show (for 127.0.0.1 at 2009-12-23 22:03:21) [GET]
  [4;35;1mUser Load (7.0ms)[0m   [0mSELECT * FROM "users" WHERE ("users"."id" = 1) [0m
Rendering template within layouts/application
Rendering newsfeed/show
Completed in 58ms (View: 19, DB: 7) | 200 OK [http://localhost/newsfeed]


Processing NewsfeedController#show (for 127.0.0.1 at 2009-12-23 22:03:48) [GET]
  [4;36;1mUser Load (1.5ms)[0m   [0;1mSELECT * FROM "users" WHERE ("users"."id" = 1) [0m
Rendering template within layouts/application
Rendering newsfeed/show
Completed in 42ms (View: 4, DB: 1) | 200 OK [http://localhost/newsfeed]


Processing NewsfeedController#show (for 127.0.0.1 at 2009-12-23 22:03:51) [GET]
  [4;35;1mUser Load (1.5ms)[0m   [0mSELECT * FROM "users" WHERE ("users"."id" = 1) [0m
Rendering template within layouts/application
Rendering newsfeed/show
Completed in 49ms (View: 10, DB: 1) | 200 OK [http://localhost/newsfeed]


Processing NewsfeedController#show (for 127.0.0.1 at 2009-12-23 22:04:22) [GET]
  [4;36;1mUser Load (1.5ms)[0m   [0;1mSELECT * FROM "users" WHERE ("users"."id" = 1) [0m
Rendering template within layouts/application
Rendering newsfeed/show
Completed in 211ms (View: 5, DB: 2) | 200 OK [http://localhost/newsfeed]


Processing NewsfeedController#show (for 127.0.0.1 at 2009-12-23 22:04:35) [GET]
  [4;35;1mUser Load (1.5ms)[0m   [0mSELECT * FROM "users" WHERE ("users"."id" = 1) [0m
Rendering template within layouts/application
Rendering newsfeed/show
Completed in 46ms (View: 5, DB: 2) | 200 OK [http://localhost/newsfeed]


Processing NewsfeedController#show (for 127.0.0.1 at 2009-12-23 22:05:09) [GET]
  [4;36;1mUser Load (1.6ms)[0m   [0;1mSELECT * FROM "users" WHERE ("users"."id" = 1) [0m
Rendering template within layouts/application
Rendering newsfeed/show
Completed in 48ms (View: 4, DB: 2) | 200 OK [http://localhost/newsfeed]


Processing NewsfeedController#show (for 127.0.0.1 at 2009-12-23 22:05:43) [GET]
  [4;35;1mUser Load (1.5ms)[0m   [0mSELECT * FROM "users" WHERE ("users"."id" = 1) [0m
Rendering template within layouts/application
Rendering newsfeed/show
Completed in 92ms (View: 14, DB: 2) | 200 OK [http://localhost/newsfeed]


Processing NewsfeedController#show (for 127.0.0.1 at 2009-12-23 22:06:46) [GET]
  [4;36;1mUser Load (7.0ms)[0m   [0;1mSELECT * FROM "users" WHERE ("users"."id" = 1) [0m
Rendering template within layouts/application
Rendering newsfeed/show
Completed in 57ms (View: 19, DB: 7) | 200 OK [http://localhost/newsfeed]


Processing NewsfeedController#show (for 127.0.0.1 at 2009-12-23 22:07:31) [GET]
  [4;35;1mUser Load (1.4ms)[0m   [0mSELECT * FROM "users" WHERE ("users"."id" = 1) [0m
Rendering template within layouts/application
Rendering newsfeed/show
Completed in 42ms (View: 4, DB: 1) | 200 OK [http://localhost/newsfeed]


Processing NewsfeedController#show (for 127.0.0.1 at 2009-12-23 22:07:47) [GET]
  [4;36;1mUser Load (1.6ms)[0m   [0;1mSELECT * FROM "users" WHERE ("users"."id" = 1) [0m
Rendering template within layouts/application
Rendering newsfeed/show
Completed in 218ms (View: 4, DB: 2) | 200 OK [http://localhost/newsfeed]


Processing NewsfeedController#show (for 127.0.0.1 at 2009-12-23 22:14:03) [GET]
  [4;35;1mUser Load (1.6ms)[0m   [0mSELECT * FROM "users" WHERE ("users"."id" = 1) [0m
Rendering template within layouts/application
Rendering newsfeed/show
Completed in 89ms (View: 31, DB: 2) | 200 OK [http://localhost/newsfeed]


Processing NewsfeedController#show (for 127.0.0.1 at 2009-12-23 22:14:40) [GET]
  [4;36;1mUser Load (1.5ms)[0m   [0;1mSELECT * FROM "users" WHERE ("users"."id" = 1) [0m
Rendering template within layouts/application
Rendering newsfeed/show

ActionView::TemplateError (1) on line #28 of app/views/newsfeed/show.html.erb:
25: <div class="front_page_right">
26: 
27: 	<ul class="styledList">
28: 		<% raise @logged_user_id.inspect %>
29: 		<li><%= link_to "Me", user_path() %></li>
30: 		<li>My chars</li>
31: 		<li>My art</li>

    app/views/newsfeed/show.html.erb:28

Rendered rescues/_trace (377.6ms)
Rendered rescues/_request_and_response (5.1ms)
Rendering rescues/layout (internal_server_error)


Processing NewsfeedController#show (for 127.0.0.1 at 2009-12-23 22:17:54) [GET]
  [4;35;1mUser Load (1.6ms)[0m   [0mSELECT * FROM "users" WHERE ("users"."id" = 1) [0m
Rendering template within layouts/application
Rendering newsfeed/show

ActionView::TemplateError (character_url failed to generate from {:controller=>"characters", :action=>"show"} - you may have ambiguous routes, or you may need to supply additional parameters for this route.  content_url has the following required parameters: ["characters", :id] - are they all satisfied?) on line #30 of app/views/newsfeed/show.html.erb:
27: 	<ul class="styledList">
28: 		<% #raise @logged_user_id.inspect %>
29: 		<li><%= link_to "Me", user_path(session[:current_user_id]) %></li>
30: 		<li><%= link_to "My chars", character_path() %></li>
31: 		<li>My art</li>
32: 		<li>My stories</li>
33: 		<li>Logout</li>

    (eval):16:in `character_path'
    app/views/newsfeed/show.html.erb:30

Rendered rescues/_trace (203.9ms)
Rendered rescues/_request_and_response (1.0ms)
Rendering rescues/layout (internal_server_error)


Processing NewsfeedController#show (for 127.0.0.1 at 2009-12-23 22:19:01) [GET]
  [4;36;1mUser Load (1.5ms)[0m   [0;1mSELECT * FROM "users" WHERE ("users"."id" = 1) [0m
Rendering template within layouts/application
Rendering newsfeed/show
Completed in 280ms (View: 240, DB: 1) | 200 OK [http://localhost/newsfeed]


Processing NewsfeedController#show (for 127.0.0.1 at 2009-12-23 22:19:23) [GET]
  [4;35;1mUser Load (1.6ms)[0m   [0mSELECT * FROM "users" WHERE ("users"."id" = 1) [0m
Rendering template within layouts/application
Rendering newsfeed/show
Completed in 80ms (View: 25, DB: 2) | 200 OK [http://localhost/newsfeed]


Processing NewsfeedController#show (for 127.0.0.1 at 2009-12-23 22:19:42) [GET]
  [4;36;1mUser Load (1.6ms)[0m   [0;1mSELECT * FROM "users" WHERE ("users"."id" = 1) [0m
Rendering template within layouts/application
Rendering newsfeed/show
Completed in 68ms (View: 29, DB: 2) | 200 OK [http://localhost/newsfeed]


Processing UsersController#show (for 127.0.0.1 at 2009-12-23 22:19:50) [GET]
  Parameters: {"id"=>"1"}
  [4;35;1mUser Load (1.5ms)[0m   [0mSELECT * FROM "users" WHERE ("users"."id" = 1) [0m

ActionController::UnknownAction (No action responded to show. Actions: create, index, login_required, new, and set_user_variable):
  

Rendering rescues/layout (not_found)


Processing UsersController#show (for 127.0.0.1 at 2009-12-23 22:20:21) [GET]
  Parameters: {"id"=>"1"}
  [4;36;1mUser Load (1.9ms)[0m   [0;1mSELECT * FROM "users" WHERE ("users"."id" = 1) [0m
Rendering template within layouts/application
Rendering users/show
Completed in 70ms (View: 32, DB: 2) | 200 OK [http://localhost/users/1]


Processing UsersController#show (for 127.0.0.1 at 2009-12-23 22:20:36) [GET]
  Parameters: {"id"=>"1"}
  [4;35;1mUser Load (1.4ms)[0m   [0mSELECT * FROM "users" WHERE ("users"."id" = 1) [0m
Rendering template within layouts/application
Rendering users/show
Completed in 42ms (View: 4, DB: 1) | 200 OK [http://localhost/users/1]


Processing ApplicationController#show (for 127.0.0.1 at 2009-12-23 22:20:41) [GET]
  Parameters: {"id"=>"1"}

NoMethodError (undefined method `belongs_to' for CharactersController:Class):
  app/controllers/characters_controller.rb:3

Rendered rescues/_trace (384.2ms)
Rendered rescues/_request_and_response (1.3ms)
Rendering rescues/layout (internal_server_error)


Processing NewsfeedController#show (for 127.0.0.1 at 2009-12-23 22:22:55) [GET]
  [4;36;1mUser Load (7.1ms)[0m   [0;1mSELECT * FROM "users" WHERE ("users"."id" = 1) [0m
Rendering template within layouts/application
Rendering newsfeed/show
Completed in 71ms (View: 33, DB: 7) | 200 OK [http://localhost/newsfeed]


Processing NewsfeedController#show (for 127.0.0.1 at 2009-12-23 22:23:07) [GET]
  [4;35;1mUser Load (1.5ms)[0m   [0mSELECT * FROM "users" WHERE ("users"."id" = 1) [0m
Rendering template within layouts/application
Rendering newsfeed/show
Completed in 124ms (View: 59, DB: 2) | 200 OK [http://localhost/newsfeed]


Processing NewsfeedController#show (for 127.0.0.1 at 2009-12-23 22:23:41) [GET]
  [4;36;1mUser Load (1.4ms)[0m   [0;1mSELECT * FROM "users" WHERE ("users"."id" = 1) [0m
Rendering template within layouts/application
Rendering newsfeed/show
Completed in 58ms (View: 21, DB: 1) | 200 OK [http://localhost/newsfeed]


Processing UsersController#show (for 127.0.0.1 at 2009-12-23 22:23:57) [GET]
  Parameters: {"id"=>"1"}
  [4;35;1mUser Load (1.5ms)[0m   [0mSELECT * FROM "users" WHERE ("users"."id" = 1) [0m
Rendering template within layouts/application
Rendering users/show
Completed in 45ms (View: 7, DB: 1) | 200 OK [http://localhost/users/1]


Processing NewsfeedController#show (for 127.0.0.1 at 2009-12-23 22:28:13) [GET]
  [4;36;1mUser Load (1.4ms)[0m   [0;1mSELECT * FROM "users" WHERE ("users"."id" = 1) [0m
Rendering template within layouts/application
Rendering newsfeed/show
Completed in 44ms (View: 12, DB: 1) | 200 OK [http://localhost/newsfeed]


Processing UsersController#show (for 127.0.0.1 at 2009-12-23 22:28:16) [GET]
  Parameters: {"id"=>"1"}
  [4;35;1mUser Load (1.4ms)[0m   [0mSELECT * FROM "users" WHERE ("users"."id" = 1) [0m

RuntimeError ("1"):
  app/controllers/users_controller.rb:18:in `show'

Rendered rescues/_trace (168.6ms)
Rendered rescues/_request_and_response (1.2ms)
Rendering rescues/layout (internal_server_error)


Processing UsersController#show (for 127.0.0.1 at 2009-12-23 22:28:29) [GET]
  Parameters: {"id"=>"1"}
  [4;36;1mUser Load (1.5ms)[0m   [0;1mSELECT * FROM "users" WHERE ("users"."id" = 1) [0m
  [4;35;1mCACHE (0.0ms)[0m   [0mSELECT * FROM "users" WHERE ("users"."id" = 1) [0m
Rendering template within layouts/application
Rendering users/show
Completed in 52ms (View: 7, DB: 2) | 200 OK [http://localhost/users/1]
  [4;36;1mSQL (2.6ms)[0m   [0;1m SELECT name
 FROM sqlite_master
 WHERE type = 'table' AND NOT name = 'sqlite_sequence'
[0m


Processing UsersController#show (for 127.0.0.1 at 2009-12-23 22:36:40) [GET]
  Parameters: {"id"=>"1"}
  [4;36;1mUser Load (1.4ms)[0m   [0;1mSELECT * FROM "users" WHERE ("users"."id" = 1) [0m
  [4;35;1mCACHE (0.0ms)[0m   [0mSELECT * FROM "users" WHERE ("users"."id" = 1) [0m
Rendering template within layouts/application
Rendering users/show

ActionView::TemplateError (undefined method `usernaemailme' for #<User:0xb5f1b78c>) on line #6 of app/views/users/show.html.erb:
3: <% form_for :user, :url => "/users/edit" do |f| %>
4: 	<ul class="formList">
5: 				<li><%= f.label :username, 'Username' %>
6: 				<%= f.text_field(:usernaemailme) %></li>
7: 		  		<li><%= f.label :psw, 'Password' %>
8: 				<%= f.password_field(:psw) %></li>
9: 		  		<li><%= f.label :psword_confirmation, 'Password confirmation' %>

    app/views/users/show.html.erb:6
    app/views/users/show.html.erb:3

Rendered rescues/_trace (211.8ms)
Rendered rescues/_request_and_response (1.1ms)
Rendering rescues/layout (internal_server_error)


Processing UsersController#show (for 127.0.0.1 at 2009-12-23 22:36:56) [GET]
  Parameters: {"id"=>"1"}
  [4;36;1mUser Load (1.5ms)[0m   [0;1mSELECT * FROM "users" WHERE ("users"."id" = 1) [0m
  [4;35;1mCACHE (0.0ms)[0m   [0mSELECT * FROM "users" WHERE ("users"."id" = 1) [0m
Rendering template within layouts/application
Rendering users/show

ActionView::TemplateError (undefined method `psword_confirmation' for #<User:0xb5ffdf10>) on line #10 of app/views/users/show.html.erb:
7: 		  		<li><%= f.label :psw, 'Password' %>
8: 				<%= f.password_field(:psw) %></li>
9: 		  		<li><%= f.label :psword_confirmation, 'Password confirmation' %>
10: 				<%= f.password_field(:psword_confirmation) %></li>
11: 		  	<li><%= f.label :email, 'Email' %>
12: 				<%= f.text_field(:realName) %></li>
13: 				<li><%= f.label :birth_date, 'Birth date' %>

    app/views/users/show.html.erb:10
    app/views/users/show.html.erb:3

Rendered rescues/_trace (224.4ms)
Rendered rescues/_request_and_response (1.1ms)
Rendering rescues/layout (internal_server_error)


Processing UsersController#show (for 127.0.0.1 at 2009-12-23 22:38:20) [GET]
  Parameters: {"id"=>"1"}
  [4;36;1mUser Load (1.5ms)[0m   [0;1mSELECT * FROM "users" WHERE ("users"."id" = 1) [0m
  [4;35;1mCACHE (0.0ms)[0m   [0mSELECT * FROM "users" WHERE ("users"."id" = 1) [0m
Rendering template within layouts/application
Rendering users/show

ActionView::TemplateError (undefined method `psword_confirmation' for #<User:0xb5e944bc>) on line #10 of app/views/users/show.html.erb:
7: 		  		<li><%= f.label :psw, 'Password' %>
8: 				<%= f.password_field(:psw) %></li>
9: 		  		<li><%= f.label :psword_confirmation, 'Password confirmation' %>
10: 				<%= f.password_field(:psword_confirmation) %></li>
11: 		  	<li><%= f.label :email, 'Email' %>
12: 				<%= f.text_field(:realName) %></li>
13: 				<li><%= f.label :birth_date, 'Birth date' %>

    app/views/users/show.html.erb:10
    app/views/users/show.html.erb:3

Rendered rescues/_trace (527.5ms)
Rendered rescues/_request_and_response (1.2ms)
Rendering rescues/layout (internal_server_error)


Processing UsersController#show (for 127.0.0.1 at 2009-12-23 22:40:20) [GET]
  Parameters: {"id"=>"1"}
  [4;36;1mUser Load (1.5ms)[0m   [0;1mSELECT * FROM "users" WHERE ("users"."id" = 1) [0m
  [4;35;1mCACHE (0.0ms)[0m   [0mSELECT * FROM "users" WHERE ("users"."id" = 1) [0m
Rendering template within layouts/application
Rendering users/show

ActionView::TemplateError (undefined method `psw_confirm' for #<User:0xb5fb592c>) on line #10 of app/views/users/show.html.erb:
7: 		  		<li><%= f.label :psw, 'Password' %>
8: 				<%= f.password_field(:psw) %></li>
9: 		  		<li><%= f.label :psw_confirm, 'Password confirmation' %>
10: 				<%= f.password_field(:psw_confirm) %></li>
11: 		  	<li><%= f.label :email, 'Email' %>
12: 				<%= f.text_field(:realName) %></li>
13: 				<li><%= f.label :birth_date, 'Birth date' %>

    app/views/users/show.html.erb:10
    app/views/users/show.html.erb:3

Rendered rescues/_trace (253.1ms)
Rendered rescues/_request_and_response (1.1ms)
Rendering rescues/layout (internal_server_error)


Processing UsersController#show (for 127.0.0.1 at 2009-12-23 22:40:40) [GET]
  Parameters: {"id"=>"1"}
  [4;36;1mUser Load (1.5ms)[0m   [0;1mSELECT * FROM "users" WHERE ("users"."id" = 1) [0m
  [4;35;1mCACHE (0.0ms)[0m   [0mSELECT * FROM "users" WHERE ("users"."id" = 1) [0m
Rendering template within layouts/application
Rendering users/show

ActionView::TemplateError (undefined method `realName' for #<User:0xb5e44f70>) on line #12 of app/views/users/show.html.erb:
9: 		  		<li><%= f.label :psw_confirm, 'Password confirmation' %>
10: 				<%= f.password_field(:psw_confirm) %></li>
11: 		  	<li><%= f.label :email, 'Email' %>
12: 				<%= f.text_field(:realName) %></li>
13: 				<li><%= f.label :birth_date, 'Birth date' %>
14: 				<%= f.text_field(:birth_date) %></li>
15: 				<li><%= f.label :free_field, 'Free field' %>

    app/views/users/show.html.erb:12
    app/views/users/show.html.erb:3

Rendered rescues/_trace (529.1ms)
Rendered rescues/_request_and_response (1.2ms)
Rendering rescues/layout (internal_server_error)


Processing UsersController#show (for 127.0.0.1 at 2009-12-23 22:40:56) [GET]
  Parameters: {"id"=>"1"}
  [4;36;1mUser Load (1.6ms)[0m   [0;1mSELECT * FROM "users" WHERE ("users"."id" = 1) [0m
  [4;35;1mCACHE (0.0ms)[0m   [0mSELECT * FROM "users" WHERE ("users"."id" = 1) [0m
Rendering template within layouts/application
Rendering users/show
Completed in 101ms (View: 62, DB: 2) | 200 OK [http://localhost/users/1]


Processing UsersController#show (for 127.0.0.1 at 2009-12-23 22:42:04) [GET]
  Parameters: {"id"=>"1"}
  [4;36;1mUser Load (1.5ms)[0m   [0;1mSELECT * FROM "users" WHERE ("users"."id" = 1) [0m
  [4;35;1mCACHE (0.0ms)[0m   [0mSELECT * FROM "users" WHERE ("users"."id" = 1) [0m
Rendering template within layouts/application
Rendering users/show
Completed in 79ms (View: 39, DB: 1) | 200 OK [http://localhost/users/1]


Processing UsersController#show (for 127.0.0.1 at 2009-12-23 22:50:38) [GET]
  Parameters: {"id"=>"1"}
  [4;36;1mUser Load (1.5ms)[0m   [0;1mSELECT * FROM "users" WHERE ("users"."id" = 1) [0m
  [4;35;1mCACHE (0.0ms)[0m   [0mSELECT * FROM "users" WHERE ("users"."id" = 1) [0m
Rendering template within layouts/application
Rendering users/show
Completed in 82ms (View: 42, DB: 2) | 200 OK [http://localhost/users/1]


Processing UsersController#show (for 127.0.0.1 at 2009-12-23 22:50:51) [GET]
  Parameters: {"id"=>"1"}
  [4;36;1mUser Load (1.4ms)[0m   [0;1mSELECT * FROM "users" WHERE ("users"."id" = 1) [0m
  [4;35;1mCACHE (0.0ms)[0m   [0mSELECT * FROM "users" WHERE ("users"."id" = 1) [0m
Rendering template within layouts/application
Rendering users/show
Completed in 85ms (View: 45, DB: 1) | 200 OK [http://localhost/users/1]


Processing UsersController#show (for 127.0.0.1 at 2009-12-23 22:51:58) [GET]
  Parameters: {"id"=>"1"}
  [4;36;1mUser Load (1.5ms)[0m   [0;1mSELECT * FROM "users" WHERE ("users"."id" = 1) [0m
  [4;35;1mCACHE (0.0ms)[0m   [0mSELECT * FROM "users" WHERE ("users"."id" = 1) [0m
Rendering template within layouts/application
Rendering users/show
Completed in 388ms (View: 338, DB: 2) | 200 OK [http://localhost/users/1]


Processing UsersController#show (for 127.0.0.1 at 2009-12-23 22:53:43) [GET]
  Parameters: {"id"=>"1"}
  [4;36;1mUser Load (1.5ms)[0m   [0;1mSELECT * FROM "users" WHERE ("users"."id" = 1) [0m
  [4;35;1mCACHE (0.0ms)[0m   [0mSELECT * FROM "users" WHERE ("users"."id" = 1) [0m
Rendering template within layouts/application
Rendering users/show
Completed in 81ms (View: 40, DB: 2) | 200 OK [http://localhost/users/1]


Processing UsersController#show (for 127.0.0.1 at 2009-12-23 22:54:25) [GET]
  Parameters: {"id"=>"1"}
  [4;36;1mUser Load (1.5ms)[0m   [0;1mSELECT * FROM "users" WHERE ("users"."id" = 1) [0m
  [4;35;1mCACHE (0.0ms)[0m   [0mSELECT * FROM "users" WHERE ("users"."id" = 1) [0m
Rendering template within layouts/application
Rendering users/show
Completed in 81ms (View: 40, DB: 2) | 200 OK [http://localhost/users/1]


Processing UsersController#show (for 127.0.0.1 at 2009-12-23 22:55:17) [GET]
  Parameters: {"id"=>"1"}
  [4;36;1mUser Load (1.5ms)[0m   [0;1mSELECT * FROM "users" WHERE ("users"."id" = 1) [0m
  [4;35;1mCACHE (0.0ms)[0m   [0mSELECT * FROM "users" WHERE ("users"."id" = 1) [0m
Rendering template within layouts/application
Rendering users/show
Completed in 79ms (View: 39, DB: 1) | 200 OK [http://localhost/users/1]


Processing UsersController#show (for 127.0.0.1 at 2009-12-23 22:56:10) [GET]
  Parameters: {"id"=>"1"}
  [4;36;1mUser Load (1.5ms)[0m   [0;1mSELECT * FROM "users" WHERE ("users"."id" = 1) [0m
  [4;35;1mCACHE (0.0ms)[0m   [0mSELECT * FROM "users" WHERE ("users"."id" = 1) [0m
Rendering template within layouts/application
Rendering users/show
Completed in 95ms (View: 55, DB: 2) | 200 OK [http://localhost/users/1]


Processing UsersController#show (for 127.0.0.1 at 2009-12-23 22:56:45) [GET]
  Parameters: {"id"=>"1"}
  [4;36;1mUser Load (1.4ms)[0m   [0;1mSELECT * FROM "users" WHERE ("users"."id" = 1) [0m
  [4;35;1mCACHE (0.0ms)[0m   [0mSELECT * FROM "users" WHERE ("users"."id" = 1) [0m
Rendering template within layouts/application
Rendering users/show
Completed in 108ms (View: 69, DB: 1) | 200 OK [http://localhost/users/1]


Processing UsersController#show (for 127.0.0.1 at 2009-12-23 22:57:25) [GET]
  Parameters: {"id"=>"1"}
  [4;36;1mUser Load (1.4ms)[0m   [0;1mSELECT * FROM "users" WHERE ("users"."id" = 1) [0m
  [4;35;1mCACHE (0.0ms)[0m   [0mSELECT * FROM "users" WHERE ("users"."id" = 1) [0m
Rendering template within layouts/application
Rendering users/show
Completed in 317ms (View: 277, DB: 1) | 200 OK [http://localhost/users/1]
